2013/08/06 02:54:49 [error] [exception.CHttpException.404] exception 'CHttpException' with message 'The system is unable to find the requested action "images".' in D:\code\android\GTCClibrary\yii\framework\web\CController.php:483
Stack trace:
#0 D:\code\android\GTCClibrary\yii\framework\web\CController.php(270): CController->missingAction('images')
#1 D:\code\android\GTCClibrary\yii\framework\web\CWebApplication.php(282): CController->run('images')
#2 D:\code\android\GTCClibrary\yii\framework\web\CWebApplication.php(141): CWebApplication->runController('bookStore/image...')
#3 D:\code\android\GTCClibrary\yii\framework\base\CApplication.php(169): CWebApplication->processRequest()
#4 D:\code\android\GTCClibrary\yii\gtcc\index.php(13): CApplication->run()
#5 {main}
REQUEST_URI=/yii/gtcc/index.php/bookStore/images/9787111283560.jpg
HTTP_REFERER=http://localhost:8080/yii/gtcc/index.php/bookStore/index
---
2013/08/06 02:54:49 [error] [exception.CHttpException.404] exception 'CHttpException' with message 'The system is unable to find the requested action "images".' in D:\code\android\GTCClibrary\yii\framework\web\CController.php:483
Stack trace:
#0 D:\code\android\GTCClibrary\yii\framework\web\CController.php(270): CController->missingAction('images')
#1 D:\code\android\GTCClibrary\yii\framework\web\CWebApplication.php(282): CController->run('images')
#2 D:\code\android\GTCClibrary\yii\framework\web\CWebApplication.php(141): CWebApplication->runController('bookStore/image...')
#3 D:\code\android\GTCClibrary\yii\framework\base\CApplication.php(169): CWebApplication->processRequest()
#4 D:\code\android\GTCClibrary\yii\gtcc\index.php(13): CApplication->run()
#5 {main}
REQUEST_URI=/yii/gtcc/index.php/bookStore/images/9787538735086.jpg
HTTP_REFERER=http://localhost:8080/yii/gtcc/index.php/bookStore/index
---
2013/08/06 02:54:49 [error] [exception.CHttpException.404] exception 'CHttpException' with message 'The system is unable to find the requested action "images".' in D:\code\android\GTCClibrary\yii\framework\web\CController.php:483
Stack trace:
#0 D:\code\android\GTCClibrary\yii\framework\web\CController.php(270): CController->missingAction('images')
#1 D:\code\android\GTCClibrary\yii\framework\web\CWebApplication.php(282): CController->run('images')
#2 D:\code\android\GTCClibrary\yii\framework\web\CWebApplication.php(141): CWebApplication->runController('bookStore/image...')
#3 D:\code\android\GTCClibrary\yii\framework\base\CApplication.php(169): CWebApplication->processRequest()
#4 D:\code\android\GTCClibrary\yii\gtcc\index.php(13): CApplication->run()
#5 {main}
REQUEST_URI=/yii/gtcc/index.php/bookStore/images/9780066620367.jpg
HTTP_REFERER=http://localhost:8080/yii/gtcc/index.php/bookStore/index
---
2013/08/06 02:54:49 [error] [exception.CHttpException.404] exception 'CHttpException' with message 'The system is unable to find the requested action "images".' in D:\code\android\GTCClibrary\yii\framework\web\CController.php:483
Stack trace:
#0 D:\code\android\GTCClibrary\yii\framework\web\CController.php(270): CController->missingAction('images')
#1 D:\code\android\GTCClibrary\yii\framework\web\CWebApplication.php(282): CController->run('images')
#2 D:\code\android\GTCClibrary\yii\framework\web\CWebApplication.php(141): CWebApplication->runController('bookStore/image...')
#3 D:\code\android\GTCClibrary\yii\framework\base\CApplication.php(169): CWebApplication->processRequest()
#4 D:\code\android\GTCClibrary\yii\gtcc\index.php(13): CApplication->run()
#5 {main}
REQUEST_URI=/yii/gtcc/index.php/bookStore/images/9787544253116.jpg
HTTP_REFERER=http://localhost:8080/yii/gtcc/index.php/bookStore/index
---
2013/08/06 02:54:49 [error] [exception.CHttpException.404] exception 'CHttpException' with message 'The system is unable to find the requested action "images".' in D:\code\android\GTCClibrary\yii\framework\web\CController.php:483
Stack trace:
#0 D:\code\android\GTCClibrary\yii\framework\web\CController.php(270): CController->missingAction('images')
#1 D:\code\android\GTCClibrary\yii\framework\web\CWebApplication.php(282): CController->run('images')
#2 D:\code\android\GTCClibrary\yii\framework\web\CWebApplication.php(141): CWebApplication->runController('bookStore/image...')
#3 D:\code\android\GTCClibrary\yii\framework\base\CApplication.php(169): CWebApplication->processRequest()
#4 D:\code\android\GTCClibrary\yii\gtcc\index.php(13): CApplication->run()
#5 {main}
REQUEST_URI=/yii/gtcc/index.php/bookStore/images/.jpg
HTTP_REFERER=http://localhost:8080/yii/gtcc/index.php/bookStore/index
---
2013/08/06 02:54:49 [error] [exception.CHttpException.404] exception 'CHttpException' with message 'The system is unable to find the requested action "images".' in D:\code\android\GTCClibrary\yii\framework\web\CController.php:483
Stack trace:
#0 D:\code\android\GTCClibrary\yii\framework\web\CController.php(270): CController->missingAction('images')
#1 D:\code\android\GTCClibrary\yii\framework\web\CWebApplication.php(282): CController->run('images')
#2 D:\code\android\GTCClibrary\yii\framework\web\CWebApplication.php(141): CWebApplication->runController('bookStore/image...')
#3 D:\code\android\GTCClibrary\yii\framework\base\CApplication.php(169): CWebApplication->processRequest()
#4 D:\code\android\GTCClibrary\yii\gtcc\index.php(13): CApplication->run()
#5 {main}
REQUEST_URI=/yii/gtcc/index.php/bookStore/images/9787302155553.jpg
HTTP_REFERER=http://localhost:8080/yii/gtcc/index.php/bookStore/index
---
2013/08/06 02:54:51 [error] [exception.CHttpException.404] exception 'CHttpException' with message 'The system is unable to find the requested action "images".' in D:\code\android\GTCClibrary\yii\framework\web\CController.php:483
Stack trace:
#0 D:\code\android\GTCClibrary\yii\framework\web\CController.php(270): CController->missingAction('images')
#1 D:\code\android\GTCClibrary\yii\framework\web\CWebApplication.php(282): CController->run('images')
#2 D:\code\android\GTCClibrary\yii\framework\web\CWebApplication.php(141): CWebApplication->runController('bookStore/image...')
#3 D:\code\android\GTCClibrary\yii\framework\base\CApplication.php(169): CWebApplication->processRequest()
#4 D:\code\android\GTCClibrary\yii\gtcc\index.php(13): CApplication->run()
#5 {main}
REQUEST_URI=/yii/gtcc/index.php/bookStore/images/9780066620367.jpg
HTTP_REFERER=http://localhost:8080/yii/gtcc/index.php/bookStore/index
---
2013/08/06 02:54:51 [error] [exception.CHttpException.404] exception 'CHttpException' with message 'The system is unable to find the requested action "images".' in D:\code\android\GTCClibrary\yii\framework\web\CController.php:483
Stack trace:
#0 D:\code\android\GTCClibrary\yii\framework\web\CController.php(270): CController->missingAction('images')
#1 D:\code\android\GTCClibrary\yii\framework\web\CWebApplication.php(282): CController->run('images')
#2 D:\code\android\GTCClibrary\yii\framework\web\CWebApplication.php(141): CWebApplication->runController('bookStore/image...')
#3 D:\code\android\GTCClibrary\yii\framework\base\CApplication.php(169): CWebApplication->processRequest()
#4 D:\code\android\GTCClibrary\yii\gtcc\index.php(13): CApplication->run()
#5 {main}
REQUEST_URI=/yii/gtcc/index.php/bookStore/images/9787544253116.jpg
HTTP_REFERER=http://localhost:8080/yii/gtcc/index.php/bookStore/index
---
2013/08/06 02:54:51 [error] [exception.CHttpException.404] exception 'CHttpException' with message 'The system is unable to find the requested action "images".' in D:\code\android\GTCClibrary\yii\framework\web\CController.php:483
Stack trace:
#0 D:\code\android\GTCClibrary\yii\framework\web\CController.php(270): CController->missingAction('images')
#1 D:\code\android\GTCClibrary\yii\framework\web\CWebApplication.php(282): CController->run('images')
#2 D:\code\android\GTCClibrary\yii\framework\web\CWebApplication.php(141): CWebApplication->runController('bookStore/image...')
#3 D:\code\android\GTCClibrary\yii\framework\base\CApplication.php(169): CWebApplication->processRequest()
#4 D:\code\android\GTCClibrary\yii\gtcc\index.php(13): CApplication->run()
#5 {main}
REQUEST_URI=/yii/gtcc/index.php/bookStore/images/9787302155553.jpg
HTTP_REFERER=http://localhost:8080/yii/gtcc/index.php/bookStore/index
---
2013/08/06 02:54:51 [error] [exception.CHttpException.404] exception 'CHttpException' with message 'The system is unable to find the requested action "images".' in D:\code\android\GTCClibrary\yii\framework\web\CController.php:483
Stack trace:
#0 D:\code\android\GTCClibrary\yii\framework\web\CController.php(270): CController->missingAction('images')
#1 D:\code\android\GTCClibrary\yii\framework\web\CWebApplication.php(282): CController->run('images')
#2 D:\code\android\GTCClibrary\yii\framework\web\CWebApplication.php(141): CWebApplication->runController('bookStore/image...')
#3 D:\code\android\GTCClibrary\yii\framework\base\CApplication.php(169): CWebApplication->processRequest()
#4 D:\code\android\GTCClibrary\yii\gtcc\index.php(13): CApplication->run()
#5 {main}
REQUEST_URI=/yii/gtcc/index.php/bookStore/images/9787111283560.jpg
HTTP_REFERER=http://localhost:8080/yii/gtcc/index.php/bookStore/index
---
2013/08/06 02:54:51 [error] [exception.CHttpException.404] exception 'CHttpException' with message 'The system is unable to find the requested action "images".' in D:\code\android\GTCClibrary\yii\framework\web\CController.php:483
Stack trace:
#0 D:\code\android\GTCClibrary\yii\framework\web\CController.php(270): CController->missingAction('images')
#1 D:\code\android\GTCClibrary\yii\framework\web\CWebApplication.php(282): CController->run('images')
#2 D:\code\android\GTCClibrary\yii\framework\web\CWebApplication.php(141): CWebApplication->runController('bookStore/image...')
#3 D:\code\android\GTCClibrary\yii\framework\base\CApplication.php(169): CWebApplication->processRequest()
#4 D:\code\android\GTCClibrary\yii\gtcc\index.php(13): CApplication->run()
#5 {main}
REQUEST_URI=/yii/gtcc/index.php/bookStore/images/.jpg
HTTP_REFERER=http://localhost:8080/yii/gtcc/index.php/bookStore/index
---
2013/08/06 02:54:52 [error] [exception.CHttpException.404] exception 'CHttpException' with message 'The system is unable to find the requested action "images".' in D:\code\android\GTCClibrary\yii\framework\web\CController.php:483
Stack trace:
#0 D:\code\android\GTCClibrary\yii\framework\web\CController.php(270): CController->missingAction('images')
#1 D:\code\android\GTCClibrary\yii\framework\web\CWebApplication.php(282): CController->run('images')
#2 D:\code\android\GTCClibrary\yii\framework\web\CWebApplication.php(141): CWebApplication->runController('bookStore/image...')
#3 D:\code\android\GTCClibrary\yii\framework\base\CApplication.php(169): CWebApplication->processRequest()
#4 D:\code\android\GTCClibrary\yii\gtcc\index.php(13): CApplication->run()
#5 {main}
REQUEST_URI=/yii/gtcc/index.php/bookStore/images/9787538735086.jpg
HTTP_REFERER=http://localhost:8080/yii/gtcc/index.php/bookStore/index
---
2013/08/06 02:54:54 [error] [exception.CHttpException.404] exception 'CHttpException' with message 'The system is unable to find the requested action "images".' in D:\code\android\GTCClibrary\yii\framework\web\CController.php:483
Stack trace:
#0 D:\code\android\GTCClibrary\yii\framework\web\CController.php(270): CController->missingAction('images')
#1 D:\code\android\GTCClibrary\yii\framework\web\CWebApplication.php(282): CController->run('images')
#2 D:\code\android\GTCClibrary\yii\framework\web\CWebApplication.php(141): CWebApplication->runController('bookStore/image...')
#3 D:\code\android\GTCClibrary\yii\framework\base\CApplication.php(169): CWebApplication->processRequest()
#4 D:\code\android\GTCClibrary\yii\gtcc\index.php(13): CApplication->run()
#5 {main}
REQUEST_URI=/yii/gtcc/index.php/bookStore/images/9787111283560.jpg
HTTP_REFERER=http://localhost:8080/yii/gtcc/index.php/bookStore/index
---
2013/08/06 02:54:54 [error] [exception.CHttpException.404] exception 'CHttpException' with message 'The system is unable to find the requested action "images".' in D:\code\android\GTCClibrary\yii\framework\web\CController.php:483
Stack trace:
#0 D:\code\android\GTCClibrary\yii\framework\web\CController.php(270): CController->missingAction('images')
#1 D:\code\android\GTCClibrary\yii\framework\web\CWebApplication.php(282): CController->run('images')
#2 D:\code\android\GTCClibrary\yii\framework\web\CWebApplication.php(141): CWebApplication->runController('bookStore/image...')
#3 D:\code\android\GTCClibrary\yii\framework\base\CApplication.php(169): CWebApplication->processRequest()
#4 D:\code\android\GTCClibrary\yii\gtcc\index.php(13): CApplication->run()
#5 {main}
REQUEST_URI=/yii/gtcc/index.php/bookStore/images/9787538735086.jpg
HTTP_REFERER=http://localhost:8080/yii/gtcc/index.php/bookStore/index
---
2013/08/06 02:54:54 [error] [exception.CHttpException.404] exception 'CHttpException' with message 'The system is unable to find the requested action "images".' in D:\code\android\GTCClibrary\yii\framework\web\CController.php:483
Stack trace:
#0 D:\code\android\GTCClibrary\yii\framework\web\CController.php(270): CController->missingAction('images')
#1 D:\code\android\GTCClibrary\yii\framework\web\CWebApplication.php(282): CController->run('images')
#2 D:\code\android\GTCClibrary\yii\framework\web\CWebApplication.php(141): CWebApplication->runController('bookStore/image...')
#3 D:\code\android\GTCClibrary\yii\framework\base\CApplication.php(169): CWebApplication->processRequest()
#4 D:\code\android\GTCClibrary\yii\gtcc\index.php(13): CApplication->run()
#5 {main}
REQUEST_URI=/yii/gtcc/index.php/bookStore/images/9780066620367.jpg
HTTP_REFERER=http://localhost:8080/yii/gtcc/index.php/bookStore/index
---
2013/08/06 02:54:54 [error] [exception.CHttpException.404] exception 'CHttpException' with message 'The system is unable to find the requested action "images".' in D:\code\android\GTCClibrary\yii\framework\web\CController.php:483
Stack trace:
#0 D:\code\android\GTCClibrary\yii\framework\web\CController.php(270): CController->missingAction('images')
#1 D:\code\android\GTCClibrary\yii\framework\web\CWebApplication.php(282): CController->run('images')
#2 D:\code\android\GTCClibrary\yii\framework\web\CWebApplication.php(141): CWebApplication->runController('bookStore/image...')
#3 D:\code\android\GTCClibrary\yii\framework\base\CApplication.php(169): CWebApplication->processRequest()
#4 D:\code\android\GTCClibrary\yii\gtcc\index.php(13): CApplication->run()
#5 {main}
REQUEST_URI=/yii/gtcc/index.php/bookStore/images/9787302155553.jpg
HTTP_REFERER=http://localhost:8080/yii/gtcc/index.php/bookStore/index
---
2013/08/06 02:54:54 [error] [exception.CHttpException.404] exception 'CHttpException' with message 'The system is unable to find the requested action "images".' in D:\code\android\GTCClibrary\yii\framework\web\CController.php:483
Stack trace:
#0 D:\code\android\GTCClibrary\yii\framework\web\CController.php(270): CController->missingAction('images')
#1 D:\code\android\GTCClibrary\yii\framework\web\CWebApplication.php(282): CController->run('images')
#2 D:\code\android\GTCClibrary\yii\framework\web\CWebApplication.php(141): CWebApplication->runController('bookStore/image...')
#3 D:\code\android\GTCClibrary\yii\framework\base\CApplication.php(169): CWebApplication->processRequest()
#4 D:\code\android\GTCClibrary\yii\gtcc\index.php(13): CApplication->run()
#5 {main}
REQUEST_URI=/yii/gtcc/index.php/bookStore/images/9787544253116.jpg
HTTP_REFERER=http://localhost:8080/yii/gtcc/index.php/bookStore/index
---
2013/08/06 02:54:54 [error] [exception.CHttpException.404] exception 'CHttpException' with message 'The system is unable to find the requested action "images".' in D:\code\android\GTCClibrary\yii\framework\web\CController.php:483
Stack trace:
#0 D:\code\android\GTCClibrary\yii\framework\web\CController.php(270): CController->missingAction('images')
#1 D:\code\android\GTCClibrary\yii\framework\web\CWebApplication.php(282): CController->run('images')
#2 D:\code\android\GTCClibrary\yii\framework\web\CWebApplication.php(141): CWebApplication->runController('bookStore/image...')
#3 D:\code\android\GTCClibrary\yii\framework\base\CApplication.php(169): CWebApplication->processRequest()
#4 D:\code\android\GTCClibrary\yii\gtcc\index.php(13): CApplication->run()
#5 {main}
REQUEST_URI=/yii/gtcc/index.php/bookStore/images/.jpg
HTTP_REFERER=http://localhost:8080/yii/gtcc/index.php/bookStore/index
---
2013/08/06 02:54:54 [error] [exception.CHttpException.404] exception 'CHttpException' with message 'The system is unable to find the requested action "images".' in D:\code\android\GTCClibrary\yii\framework\web\CController.php:483
Stack trace:
#0 D:\code\android\GTCClibrary\yii\framework\web\CController.php(270): CController->missingAction('images')
#1 D:\code\android\GTCClibrary\yii\framework\web\CWebApplication.php(282): CController->run('images')
#2 D:\code\android\GTCClibrary\yii\framework\web\CWebApplication.php(141): CWebApplication->runController('bookStore/image...')
#3 D:\code\android\GTCClibrary\yii\framework\base\CApplication.php(169): CWebApplication->processRequest()
#4 D:\code\android\GTCClibrary\yii\gtcc\index.php(13): CApplication->run()
#5 {main}
REQUEST_URI=/yii/gtcc/index.php/bookStore/images/9787302155553.jpg
HTTP_REFERER=http://localhost:8080/yii/gtcc/index.php/bookStore/index
---
2013/08/06 02:54:54 [error] [exception.CHttpException.404] exception 'CHttpException' with message 'The system is unable to find the requested action "images".' in D:\code\android\GTCClibrary\yii\framework\web\CController.php:483
Stack trace:
#0 D:\code\android\GTCClibrary\yii\framework\web\CController.php(270): CController->missingAction('images')
#1 D:\code\android\GTCClibrary\yii\framework\web\CWebApplication.php(282): CController->run('images')
#2 D:\code\android\GTCClibrary\yii\framework\web\CWebApplication.php(141): CWebApplication->runController('bookStore/image...')
#3 D:\code\android\GTCClibrary\yii\framework\base\CApplication.php(169): CWebApplication->processRequest()
#4 D:\code\android\GTCClibrary\yii\gtcc\index.php(13): CApplication->run()
#5 {main}
REQUEST_URI=/yii/gtcc/index.php/bookStore/images/9787544253116.jpg
HTTP_REFERER=http://localhost:8080/yii/gtcc/index.php/bookStore/index
---
2013/08/06 02:54:54 [error] [exception.CHttpException.404] exception 'CHttpException' with message 'The system is unable to find the requested action "images".' in D:\code\android\GTCClibrary\yii\framework\web\CController.php:483
Stack trace:
#0 D:\code\android\GTCClibrary\yii\framework\web\CController.php(270): CController->missingAction('images')
#1 D:\code\android\GTCClibrary\yii\framework\web\CWebApplication.php(282): CController->run('images')
#2 D:\code\android\GTCClibrary\yii\framework\web\CWebApplication.php(141): CWebApplication->runController('bookStore/image...')
#3 D:\code\android\GTCClibrary\yii\framework\base\CApplication.php(169): CWebApplication->processRequest()
#4 D:\code\android\GTCClibrary\yii\gtcc\index.php(13): CApplication->run()
#5 {main}
REQUEST_URI=/yii/gtcc/index.php/bookStore/images/9780066620367.jpg
HTTP_REFERER=http://localhost:8080/yii/gtcc/index.php/bookStore/index
---
2013/08/06 02:54:54 [error] [exception.CHttpException.404] exception 'CHttpException' with message 'The system is unable to find the requested action "images".' in D:\code\android\GTCClibrary\yii\framework\web\CController.php:483
Stack trace:
#0 D:\code\android\GTCClibrary\yii\framework\web\CController.php(270): CController->missingAction('images')
#1 D:\code\android\GTCClibrary\yii\framework\web\CWebApplication.php(282): CController->run('images')
#2 D:\code\android\GTCClibrary\yii\framework\web\CWebApplication.php(141): CWebApplication->runController('bookStore/image...')
#3 D:\code\android\GTCClibrary\yii\framework\base\CApplication.php(169): CWebApplication->processRequest()
#4 D:\code\android\GTCClibrary\yii\gtcc\index.php(13): CApplication->run()
#5 {main}
REQUEST_URI=/yii/gtcc/index.php/bookStore/images/9787111283560.jpg
HTTP_REFERER=http://localhost:8080/yii/gtcc/index.php/bookStore/index
---
2013/08/06 02:54:54 [error] [exception.CHttpException.404] exception 'CHttpException' with message 'The system is unable to find the requested action "images".' in D:\code\android\GTCClibrary\yii\framework\web\CController.php:483
Stack trace:
#0 D:\code\android\GTCClibrary\yii\framework\web\CController.php(270): CController->missingAction('images')
#1 D:\code\android\GTCClibrary\yii\framework\web\CWebApplication.php(282): CController->run('images')
#2 D:\code\android\GTCClibrary\yii\framework\web\CWebApplication.php(141): CWebApplication->runController('bookStore/image...')
#3 D:\code\android\GTCClibrary\yii\framework\base\CApplication.php(169): CWebApplication->processRequest()
#4 D:\code\android\GTCClibrary\yii\gtcc\index.php(13): CApplication->run()
#5 {main}
REQUEST_URI=/yii/gtcc/index.php/bookStore/images/.jpg
HTTP_REFERER=http://localhost:8080/yii/gtcc/index.php/bookStore/index
---
2013/08/06 02:54:54 [error] [exception.CHttpException.404] exception 'CHttpException' with message 'The system is unable to find the requested action "images".' in D:\code\android\GTCClibrary\yii\framework\web\CController.php:483
Stack trace:
#0 D:\code\android\GTCClibrary\yii\framework\web\CController.php(270): CController->missingAction('images')
#1 D:\code\android\GTCClibrary\yii\framework\web\CWebApplication.php(282): CController->run('images')
#2 D:\code\android\GTCClibrary\yii\framework\web\CWebApplication.php(141): CWebApplication->runController('bookStore/image...')
#3 D:\code\android\GTCClibrary\yii\framework\base\CApplication.php(169): CWebApplication->processRequest()
#4 D:\code\android\GTCClibrary\yii\gtcc\index.php(13): CApplication->run()
#5 {main}
REQUEST_URI=/yii/gtcc/index.php/bookStore/images/9787538735086.jpg
HTTP_REFERER=http://localhost:8080/yii/gtcc/index.php/bookStore/index
---
2013/08/06 03:11:10 [error] [exception.CHttpException.404] exception 'CHttpException' with message 'The system is unable to find the requested action "images".' in D:\code\android\GTCClibrary\yii\framework\web\CController.php:483
Stack trace:
#0 D:\code\android\GTCClibrary\yii\framework\web\CController.php(270): CController->missingAction('images')
#1 D:\code\android\GTCClibrary\yii\framework\web\CWebApplication.php(282): CController->run('images')
#2 D:\code\android\GTCClibrary\yii\framework\web\CWebApplication.php(141): CWebApplication->runController('bookStore/image...')
#3 D:\code\android\GTCClibrary\yii\framework\base\CApplication.php(169): CWebApplication->processRequest()
#4 D:\code\android\GTCClibrary\library\index.php(13): CApplication->run()
#5 {main}
REQUEST_URI=/library/index.php/bookStore/images/9780066620367.jpg
HTTP_REFERER=http://localhost:8080/library/index.php/bookStore/index
---
2013/08/06 03:11:10 [error] [exception.CHttpException.404] exception 'CHttpException' with message 'The system is unable to find the requested action "images".' in D:\code\android\GTCClibrary\yii\framework\web\CController.php:483
Stack trace:
#0 D:\code\android\GTCClibrary\yii\framework\web\CController.php(270): CController->missingAction('images')
#1 D:\code\android\GTCClibrary\yii\framework\web\CWebApplication.php(282): CController->run('images')
#2 D:\code\android\GTCClibrary\yii\framework\web\CWebApplication.php(141): CWebApplication->runController('bookStore/image...')
#3 D:\code\android\GTCClibrary\yii\framework\base\CApplication.php(169): CWebApplication->processRequest()
#4 D:\code\android\GTCClibrary\library\index.php(13): CApplication->run()
#5 {main}
REQUEST_URI=/library/index.php/bookStore/images/9787538735086.jpg
HTTP_REFERER=http://localhost:8080/library/index.php/bookStore/index
---
2013/08/06 03:11:10 [error] [exception.CHttpException.404] exception 'CHttpException' with message 'The system is unable to find the requested action "images".' in D:\code\android\GTCClibrary\yii\framework\web\CController.php:483
Stack trace:
#0 D:\code\android\GTCClibrary\yii\framework\web\CController.php(270): CController->missingAction('images')
#1 D:\code\android\GTCClibrary\yii\framework\web\CWebApplication.php(282): CController->run('images')
#2 D:\code\android\GTCClibrary\yii\framework\web\CWebApplication.php(141): CWebApplication->runController('bookStore/image...')
#3 D:\code\android\GTCClibrary\yii\framework\base\CApplication.php(169): CWebApplication->processRequest()
#4 D:\code\android\GTCClibrary\library\index.php(13): CApplication->run()
#5 {main}
REQUEST_URI=/library/index.php/bookStore/images/9787111283560.jpg
HTTP_REFERER=http://localhost:8080/library/index.php/bookStore/index
---
2013/08/06 03:11:10 [error] [exception.CHttpException.404] exception 'CHttpException' with message 'The system is unable to find the requested action "images".' in D:\code\android\GTCClibrary\yii\framework\web\CController.php:483
Stack trace:
#0 D:\code\android\GTCClibrary\yii\framework\web\CController.php(270): CController->missingAction('images')
#1 D:\code\android\GTCClibrary\yii\framework\web\CWebApplication.php(282): CController->run('images')
#2 D:\code\android\GTCClibrary\yii\framework\web\CWebApplication.php(141): CWebApplication->runController('bookStore/image...')
#3 D:\code\android\GTCClibrary\yii\framework\base\CApplication.php(169): CWebApplication->processRequest()
#4 D:\code\android\GTCClibrary\library\index.php(13): CApplication->run()
#5 {main}
REQUEST_URI=/library/index.php/bookStore/images/9787302155553.jpg
HTTP_REFERER=http://localhost:8080/library/index.php/bookStore/index
---
2013/08/06 03:11:10 [error] [exception.CHttpException.404] exception 'CHttpException' with message 'The system is unable to find the requested action "images".' in D:\code\android\GTCClibrary\yii\framework\web\CController.php:483
Stack trace:
#0 D:\code\android\GTCClibrary\yii\framework\web\CController.php(270): CController->missingAction('images')
#1 D:\code\android\GTCClibrary\yii\framework\web\CWebApplication.php(282): CController->run('images')
#2 D:\code\android\GTCClibrary\yii\framework\web\CWebApplication.php(141): CWebApplication->runController('bookStore/image...')
#3 D:\code\android\GTCClibrary\yii\framework\base\CApplication.php(169): CWebApplication->processRequest()
#4 D:\code\android\GTCClibrary\library\index.php(13): CApplication->run()
#5 {main}
REQUEST_URI=/library/index.php/bookStore/images/9787544253116.jpg
HTTP_REFERER=http://localhost:8080/library/index.php/bookStore/index
---
2013/08/06 03:11:10 [error] [exception.CHttpException.404] exception 'CHttpException' with message 'The system is unable to find the requested action "images".' in D:\code\android\GTCClibrary\yii\framework\web\CController.php:483
Stack trace:
#0 D:\code\android\GTCClibrary\yii\framework\web\CController.php(270): CController->missingAction('images')
#1 D:\code\android\GTCClibrary\yii\framework\web\CWebApplication.php(282): CController->run('images')
#2 D:\code\android\GTCClibrary\yii\framework\web\CWebApplication.php(141): CWebApplication->runController('bookStore/image...')
#3 D:\code\android\GTCClibrary\yii\framework\base\CApplication.php(169): CWebApplication->processRequest()
#4 D:\code\android\GTCClibrary\library\index.php(13): CApplication->run()
#5 {main}
REQUEST_URI=/library/index.php/bookStore/images/.jpg
HTTP_REFERER=http://localhost:8080/library/index.php/bookStore/index
---
2013/08/06 03:16:26 [error] [exception.CHttpException.404] exception 'CHttpException' with message 'The system is unable to find the requested action "images".' in D:\code\android\GTCClibrary\yii\framework\web\CController.php:483
Stack trace:
#0 D:\code\android\GTCClibrary\yii\framework\web\CController.php(270): CController->missingAction('images')
#1 D:\code\android\GTCClibrary\yii\framework\web\CWebApplication.php(282): CController->run('images')
#2 D:\code\android\GTCClibrary\yii\framework\web\CWebApplication.php(141): CWebApplication->runController('bookStore/image...')
#3 D:\code\android\GTCClibrary\yii\framework\base\CApplication.php(169): CWebApplication->processRequest()
#4 D:\code\android\GTCClibrary\library\index.php(13): CApplication->run()
#5 {main}
REQUEST_URI=/library/index.php/bookStore/images/9787111283560.jpg
HTTP_REFERER=http://localhost:8080/library/index.php/bookStore/index
---
2013/08/06 03:16:26 [error] [exception.CHttpException.404] exception 'CHttpException' with message 'The system is unable to find the requested action "images".' in D:\code\android\GTCClibrary\yii\framework\web\CController.php:483
Stack trace:
#0 D:\code\android\GTCClibrary\yii\framework\web\CController.php(270): CController->missingAction('images')
#1 D:\code\android\GTCClibrary\yii\framework\web\CWebApplication.php(282): CController->run('images')
#2 D:\code\android\GTCClibrary\yii\framework\web\CWebApplication.php(141): CWebApplication->runController('bookStore/image...')
#3 D:\code\android\GTCClibrary\yii\framework\base\CApplication.php(169): CWebApplication->processRequest()
#4 D:\code\android\GTCClibrary\library\index.php(13): CApplication->run()
#5 {main}
REQUEST_URI=/library/index.php/bookStore/images/.jpg
HTTP_REFERER=http://localhost:8080/library/index.php/bookStore/index
---
2013/08/06 03:16:26 [error] [exception.CHttpException.404] exception 'CHttpException' with message 'The system is unable to find the requested action "images".' in D:\code\android\GTCClibrary\yii\framework\web\CController.php:483
Stack trace:
#0 D:\code\android\GTCClibrary\yii\framework\web\CController.php(270): CController->missingAction('images')
#1 D:\code\android\GTCClibrary\yii\framework\web\CWebApplication.php(282): CController->run('images')
#2 D:\code\android\GTCClibrary\yii\framework\web\CWebApplication.php(141): CWebApplication->runController('bookStore/image...')
#3 D:\code\android\GTCClibrary\yii\framework\base\CApplication.php(169): CWebApplication->processRequest()
#4 D:\code\android\GTCClibrary\library\index.php(13): CApplication->run()
#5 {main}
REQUEST_URI=/library/index.php/bookStore/images/9780066620367.jpg
HTTP_REFERER=http://localhost:8080/library/index.php/bookStore/index
---
2013/08/06 03:16:26 [error] [exception.CHttpException.404] exception 'CHttpException' with message 'The system is unable to find the requested action "images".' in D:\code\android\GTCClibrary\yii\framework\web\CController.php:483
Stack trace:
#0 D:\code\android\GTCClibrary\yii\framework\web\CController.php(270): CController->missingAction('images')
#1 D:\code\android\GTCClibrary\yii\framework\web\CWebApplication.php(282): CController->run('images')
#2 D:\code\android\GTCClibrary\yii\framework\web\CWebApplication.php(141): CWebApplication->runController('bookStore/image...')
#3 D:\code\android\GTCClibrary\yii\framework\base\CApplication.php(169): CWebApplication->processRequest()
#4 D:\code\android\GTCClibrary\library\index.php(13): CApplication->run()
#5 {main}
REQUEST_URI=/library/index.php/bookStore/images/9787544253116.jpg
HTTP_REFERER=http://localhost:8080/library/index.php/bookStore/index
---
2013/08/06 03:16:26 [error] [exception.CHttpException.404] exception 'CHttpException' with message 'The system is unable to find the requested action "images".' in D:\code\android\GTCClibrary\yii\framework\web\CController.php:483
Stack trace:
#0 D:\code\android\GTCClibrary\yii\framework\web\CController.php(270): CController->missingAction('images')
#1 D:\code\android\GTCClibrary\yii\framework\web\CWebApplication.php(282): CController->run('images')
#2 D:\code\android\GTCClibrary\yii\framework\web\CWebApplication.php(141): CWebApplication->runController('bookStore/image...')
#3 D:\code\android\GTCClibrary\yii\framework\base\CApplication.php(169): CWebApplication->processRequest()
#4 D:\code\android\GTCClibrary\library\index.php(13): CApplication->run()
#5 {main}
REQUEST_URI=/library/index.php/bookStore/images/9787302155553.jpg
HTTP_REFERER=http://localhost:8080/library/index.php/bookStore/index
---
2013/08/06 03:16:26 [error] [exception.CHttpException.404] exception 'CHttpException' with message 'The system is unable to find the requested action "images".' in D:\code\android\GTCClibrary\yii\framework\web\CController.php:483
Stack trace:
#0 D:\code\android\GTCClibrary\yii\framework\web\CController.php(270): CController->missingAction('images')
#1 D:\code\android\GTCClibrary\yii\framework\web\CWebApplication.php(282): CController->run('images')
#2 D:\code\android\GTCClibrary\yii\framework\web\CWebApplication.php(141): CWebApplication->runController('bookStore/image...')
#3 D:\code\android\GTCClibrary\yii\framework\base\CApplication.php(169): CWebApplication->processRequest()
#4 D:\code\android\GTCClibrary\library\index.php(13): CApplication->run()
#5 {main}
REQUEST_URI=/library/index.php/bookStore/images/9787538735086.jpg
HTTP_REFERER=http://localhost:8080/library/index.php/bookStore/index
---
2013/08/06 03:17:07 [error] [exception.CHttpException.404] exception 'CHttpException' with message 'The system is unable to find the requested action "images".' in D:\code\android\GTCClibrary\yii\framework\web\CController.php:483
Stack trace:
#0 D:\code\android\GTCClibrary\yii\framework\web\CController.php(270): CController->missingAction('images')
#1 D:\code\android\GTCClibrary\yii\framework\web\CWebApplication.php(282): CController->run('images')
#2 D:\code\android\GTCClibrary\yii\framework\web\CWebApplication.php(141): CWebApplication->runController('bookStore/image...')
#3 D:\code\android\GTCClibrary\yii\framework\base\CApplication.php(169): CWebApplication->processRequest()
#4 D:\code\android\GTCClibrary\library\index.php(13): CApplication->run()
#5 {main}
REQUEST_URI=/library/index.php/bookStore/images/.jpg
HTTP_REFERER=http://localhost:8080/library/index.php/bookStore/index
---
2013/08/06 03:17:07 [error] [exception.CHttpException.404] exception 'CHttpException' with message 'The system is unable to find the requested action "images".' in D:\code\android\GTCClibrary\yii\framework\web\CController.php:483
Stack trace:
#0 D:\code\android\GTCClibrary\yii\framework\web\CController.php(270): CController->missingAction('images')
#1 D:\code\android\GTCClibrary\yii\framework\web\CWebApplication.php(282): CController->run('images')
#2 D:\code\android\GTCClibrary\yii\framework\web\CWebApplication.php(141): CWebApplication->runController('bookStore/image...')
#3 D:\code\android\GTCClibrary\yii\framework\base\CApplication.php(169): CWebApplication->processRequest()
#4 D:\code\android\GTCClibrary\library\index.php(13): CApplication->run()
#5 {main}
REQUEST_URI=/library/index.php/bookStore/images/9780066620367.jpg
HTTP_REFERER=http://localhost:8080/library/index.php/bookStore/index
---
2013/08/06 03:17:07 [error] [exception.CHttpException.404] exception 'CHttpException' with message 'The system is unable to find the requested action "images".' in D:\code\android\GTCClibrary\yii\framework\web\CController.php:483
Stack trace:
#0 D:\code\android\GTCClibrary\yii\framework\web\CController.php(270): CController->missingAction('images')
#1 D:\code\android\GTCClibrary\yii\framework\web\CWebApplication.php(282): CController->run('images')
#2 D:\code\android\GTCClibrary\yii\framework\web\CWebApplication.php(141): CWebApplication->runController('bookStore/image...')
#3 D:\code\android\GTCClibrary\yii\framework\base\CApplication.php(169): CWebApplication->processRequest()
#4 D:\code\android\GTCClibrary\library\index.php(13): CApplication->run()
#5 {main}
REQUEST_URI=/library/index.php/bookStore/images/9787111283560.jpg
HTTP_REFERER=http://localhost:8080/library/index.php/bookStore/index
---
2013/08/06 03:17:07 [error] [exception.CHttpException.404] exception 'CHttpException' with message 'The system is unable to find the requested action "images".' in D:\code\android\GTCClibrary\yii\framework\web\CController.php:483
Stack trace:
#0 D:\code\android\GTCClibrary\yii\framework\web\CController.php(270): CController->missingAction('images')
#1 D:\code\android\GTCClibrary\yii\framework\web\CWebApplication.php(282): CController->run('images')
#2 D:\code\android\GTCClibrary\yii\framework\web\CWebApplication.php(141): CWebApplication->runController('bookStore/image...')
#3 D:\code\android\GTCClibrary\yii\framework\base\CApplication.php(169): CWebApplication->processRequest()
#4 D:\code\android\GTCClibrary\library\index.php(13): CApplication->run()
#5 {main}
REQUEST_URI=/library/index.php/bookStore/images/9787544253116.jpg
HTTP_REFERER=http://localhost:8080/library/index.php/bookStore/index
---
2013/08/06 03:17:07 [error] [exception.CHttpException.404] exception 'CHttpException' with message 'The system is unable to find the requested action "images".' in D:\code\android\GTCClibrary\yii\framework\web\CController.php:483
Stack trace:
#0 D:\code\android\GTCClibrary\yii\framework\web\CController.php(270): CController->missingAction('images')
#1 D:\code\android\GTCClibrary\yii\framework\web\CWebApplication.php(282): CController->run('images')
#2 D:\code\android\GTCClibrary\yii\framework\web\CWebApplication.php(141): CWebApplication->runController('bookStore/image...')
#3 D:\code\android\GTCClibrary\yii\framework\base\CApplication.php(169): CWebApplication->processRequest()
#4 D:\code\android\GTCClibrary\library\index.php(13): CApplication->run()
#5 {main}
REQUEST_URI=/library/index.php/bookStore/images/9787302155553.jpg
HTTP_REFERER=http://localhost:8080/library/index.php/bookStore/index
---
2013/08/06 03:17:07 [error] [exception.CHttpException.404] exception 'CHttpException' with message 'The system is unable to find the requested action "images".' in D:\code\android\GTCClibrary\yii\framework\web\CController.php:483
Stack trace:
#0 D:\code\android\GTCClibrary\yii\framework\web\CController.php(270): CController->missingAction('images')
#1 D:\code\android\GTCClibrary\yii\framework\web\CWebApplication.php(282): CController->run('images')
#2 D:\code\android\GTCClibrary\yii\framework\web\CWebApplication.php(141): CWebApplication->runController('bookStore/image...')
#3 D:\code\android\GTCClibrary\yii\framework\base\CApplication.php(169): CWebApplication->processRequest()
#4 D:\code\android\GTCClibrary\library\index.php(13): CApplication->run()
#5 {main}
REQUEST_URI=/library/index.php/bookStore/images/9787538735086.jpg
HTTP_REFERER=http://localhost:8080/library/index.php/bookStore/index
---
2013/08/06 03:17:10 [error] [exception.CHttpException.404] exception 'CHttpException' with message 'The system is unable to find the requested action "images".' in D:\code\android\GTCClibrary\yii\framework\web\CController.php:483
Stack trace:
#0 D:\code\android\GTCClibrary\yii\framework\web\CController.php(270): CController->missingAction('images')
#1 D:\code\android\GTCClibrary\yii\framework\web\CWebApplication.php(282): CController->run('images')
#2 D:\code\android\GTCClibrary\yii\framework\web\CWebApplication.php(141): CWebApplication->runController('bookStore/image...')
#3 D:\code\android\GTCClibrary\yii\framework\base\CApplication.php(169): CWebApplication->processRequest()
#4 D:\code\android\GTCClibrary\library\index.php(13): CApplication->run()
#5 {main}
REQUEST_URI=/library/index.php/bookStore/images/9787538735086.jpg
HTTP_REFERER=http://localhost:8080/library/index.php/bookStore/index
---
2013/08/06 03:17:10 [error] [exception.CHttpException.404] exception 'CHttpException' with message 'The system is unable to find the requested action "images".' in D:\code\android\GTCClibrary\yii\framework\web\CController.php:483
Stack trace:
#0 D:\code\android\GTCClibrary\yii\framework\web\CController.php(270): CController->missingAction('images')
#1 D:\code\android\GTCClibrary\yii\framework\web\CWebApplication.php(282): CController->run('images')
#2 D:\code\android\GTCClibrary\yii\framework\web\CWebApplication.php(141): CWebApplication->runController('bookStore/image...')
#3 D:\code\android\GTCClibrary\yii\framework\base\CApplication.php(169): CWebApplication->processRequest()
#4 D:\code\android\GTCClibrary\library\index.php(13): CApplication->run()
#5 {main}
REQUEST_URI=/library/index.php/bookStore/images/9787111283560.jpg
HTTP_REFERER=http://localhost:8080/library/index.php/bookStore/index
---
2013/08/06 03:17:10 [error] [exception.CHttpException.404] exception 'CHttpException' with message 'The system is unable to find the requested action "images".' in D:\code\android\GTCClibrary\yii\framework\web\CController.php:483
Stack trace:
#0 D:\code\android\GTCClibrary\yii\framework\web\CController.php(270): CController->missingAction('images')
#1 D:\code\android\GTCClibrary\yii\framework\web\CWebApplication.php(282): CController->run('images')
#2 D:\code\android\GTCClibrary\yii\framework\web\CWebApplication.php(141): CWebApplication->runController('bookStore/image...')
#3 D:\code\android\GTCClibrary\yii\framework\base\CApplication.php(169): CWebApplication->processRequest()
#4 D:\code\android\GTCClibrary\library\index.php(13): CApplication->run()
#5 {main}
REQUEST_URI=/library/index.php/bookStore/images/9787544253116.jpg
HTTP_REFERER=http://localhost:8080/library/index.php/bookStore/index
---
2013/08/06 03:17:10 [error] [exception.CHttpException.404] exception 'CHttpException' with message 'The system is unable to find the requested action "images".' in D:\code\android\GTCClibrary\yii\framework\web\CController.php:483
Stack trace:
#0 D:\code\android\GTCClibrary\yii\framework\web\CController.php(270): CController->missingAction('images')
#1 D:\code\android\GTCClibrary\yii\framework\web\CWebApplication.php(282): CController->run('images')
#2 D:\code\android\GTCClibrary\yii\framework\web\CWebApplication.php(141): CWebApplication->runController('bookStore/image...')
#3 D:\code\android\GTCClibrary\yii\framework\base\CApplication.php(169): CWebApplication->processRequest()
#4 D:\code\android\GTCClibrary\library\index.php(13): CApplication->run()
#5 {main}
REQUEST_URI=/library/index.php/bookStore/images/9780066620367.jpg
HTTP_REFERER=http://localhost:8080/library/index.php/bookStore/index
---
2013/08/06 03:17:10 [error] [exception.CHttpException.404] exception 'CHttpException' with message 'The system is unable to find the requested action "images".' in D:\code\android\GTCClibrary\yii\framework\web\CController.php:483
Stack trace:
#0 D:\code\android\GTCClibrary\yii\framework\web\CController.php(270): CController->missingAction('images')
#1 D:\code\android\GTCClibrary\yii\framework\web\CWebApplication.php(282): CController->run('images')
#2 D:\code\android\GTCClibrary\yii\framework\web\CWebApplication.php(141): CWebApplication->runController('bookStore/image...')
#3 D:\code\android\GTCClibrary\yii\framework\base\CApplication.php(169): CWebApplication->processRequest()
#4 D:\code\android\GTCClibrary\library\index.php(13): CApplication->run()
#5 {main}
REQUEST_URI=/library/index.php/bookStore/images/.jpg
HTTP_REFERER=http://localhost:8080/library/index.php/bookStore/index
---
2013/08/06 03:17:10 [error] [exception.CHttpException.404] exception 'CHttpException' with message 'The system is unable to find the requested action "images".' in D:\code\android\GTCClibrary\yii\framework\web\CController.php:483
Stack trace:
#0 D:\code\android\GTCClibrary\yii\framework\web\CController.php(270): CController->missingAction('images')
#1 D:\code\android\GTCClibrary\yii\framework\web\CWebApplication.php(282): CController->run('images')
#2 D:\code\android\GTCClibrary\yii\framework\web\CWebApplication.php(141): CWebApplication->runController('bookStore/image...')
#3 D:\code\android\GTCClibrary\yii\framework\base\CApplication.php(169): CWebApplication->processRequest()
#4 D:\code\android\GTCClibrary\library\index.php(13): CApplication->run()
#5 {main}
REQUEST_URI=/library/index.php/bookStore/images/9787302155553.jpg
HTTP_REFERER=http://localhost:8080/library/index.php/bookStore/index
---
2013/08/06 03:17:50 [error] [exception.CHttpException.404] exception 'CHttpException' with message 'The system is unable to find the requested action "images".' in D:\code\android\GTCClibrary\yii\framework\web\CController.php:483
Stack trace:
#0 D:\code\android\GTCClibrary\yii\framework\web\CController.php(270): CController->missingAction('images')
#1 D:\code\android\GTCClibrary\yii\framework\web\CWebApplication.php(282): CController->run('images')
#2 D:\code\android\GTCClibrary\yii\framework\web\CWebApplication.php(141): CWebApplication->runController('bookStore/image...')
#3 D:\code\android\GTCClibrary\yii\framework\base\CApplication.php(169): CWebApplication->processRequest()
#4 D:\code\android\GTCClibrary\library\index.php(13): CApplication->run()
#5 {main}
REQUEST_URI=/library/index.php/bookStore/images/9787538735086.jpg
HTTP_REFERER=http://localhost:8080/library/index.php/bookStore/index
---
2013/08/06 03:17:50 [error] [exception.CHttpException.404] exception 'CHttpException' with message 'The system is unable to find the requested action "images".' in D:\code\android\GTCClibrary\yii\framework\web\CController.php:483
Stack trace:
#0 D:\code\android\GTCClibrary\yii\framework\web\CController.php(270): CController->missingAction('images')
#1 D:\code\android\GTCClibrary\yii\framework\web\CWebApplication.php(282): CController->run('images')
#2 D:\code\android\GTCClibrary\yii\framework\web\CWebApplication.php(141): CWebApplication->runController('bookStore/image...')
#3 D:\code\android\GTCClibrary\yii\framework\base\CApplication.php(169): CWebApplication->processRequest()
#4 D:\code\android\GTCClibrary\library\index.php(13): CApplication->run()
#5 {main}
REQUEST_URI=/library/index.php/bookStore/images/9787111283560.jpg
HTTP_REFERER=http://localhost:8080/library/index.php/bookStore/index
---
2013/08/06 03:17:50 [error] [exception.CHttpException.404] exception 'CHttpException' with message 'The system is unable to find the requested action "images".' in D:\code\android\GTCClibrary\yii\framework\web\CController.php:483
Stack trace:
#0 D:\code\android\GTCClibrary\yii\framework\web\CController.php(270): CController->missingAction('images')
#1 D:\code\android\GTCClibrary\yii\framework\web\CWebApplication.php(282): CController->run('images')
#2 D:\code\android\GTCClibrary\yii\framework\web\CWebApplication.php(141): CWebApplication->runController('bookStore/image...')
#3 D:\code\android\GTCClibrary\yii\framework\base\CApplication.php(169): CWebApplication->processRequest()
#4 D:\code\android\GTCClibrary\library\index.php(13): CApplication->run()
#5 {main}
REQUEST_URI=/library/index.php/bookStore/images/9780066620367.jpg
HTTP_REFERER=http://localhost:8080/library/index.php/bookStore/index
---
2013/08/06 03:17:50 [error] [exception.CHttpException.404] exception 'CHttpException' with message 'The system is unable to find the requested action "images".' in D:\code\android\GTCClibrary\yii\framework\web\CController.php:483
Stack trace:
#0 D:\code\android\GTCClibrary\yii\framework\web\CController.php(270): CController->missingAction('images')
#1 D:\code\android\GTCClibrary\yii\framework\web\CWebApplication.php(282): CController->run('images')
#2 D:\code\android\GTCClibrary\yii\framework\web\CWebApplication.php(141): CWebApplication->runController('bookStore/image...')
#3 D:\code\android\GTCClibrary\yii\framework\base\CApplication.php(169): CWebApplication->processRequest()
#4 D:\code\android\GTCClibrary\library\index.php(13): CApplication->run()
#5 {main}
REQUEST_URI=/library/index.php/bookStore/images/.jpg
HTTP_REFERER=http://localhost:8080/library/index.php/bookStore/index
---
2013/08/06 03:17:50 [error] [exception.CHttpException.404] exception 'CHttpException' with message 'The system is unable to find the requested action "images".' in D:\code\android\GTCClibrary\yii\framework\web\CController.php:483
Stack trace:
#0 D:\code\android\GTCClibrary\yii\framework\web\CController.php(270): CController->missingAction('images')
#1 D:\code\android\GTCClibrary\yii\framework\web\CWebApplication.php(282): CController->run('images')
#2 D:\code\android\GTCClibrary\yii\framework\web\CWebApplication.php(141): CWebApplication->runController('bookStore/image...')
#3 D:\code\android\GTCClibrary\yii\framework\base\CApplication.php(169): CWebApplication->processRequest()
#4 D:\code\android\GTCClibrary\library\index.php(13): CApplication->run()
#5 {main}
REQUEST_URI=/library/index.php/bookStore/images/9787302155553.jpg
HTTP_REFERER=http://localhost:8080/library/index.php/bookStore/index
---
2013/08/06 03:17:50 [error] [exception.CHttpException.404] exception 'CHttpException' with message 'The system is unable to find the requested action "images".' in D:\code\android\GTCClibrary\yii\framework\web\CController.php:483
Stack trace:
#0 D:\code\android\GTCClibrary\yii\framework\web\CController.php(270): CController->missingAction('images')
#1 D:\code\android\GTCClibrary\yii\framework\web\CWebApplication.php(282): CController->run('images')
#2 D:\code\android\GTCClibrary\yii\framework\web\CWebApplication.php(141): CWebApplication->runController('bookStore/image...')
#3 D:\code\android\GTCClibrary\yii\framework\base\CApplication.php(169): CWebApplication->processRequest()
#4 D:\code\android\GTCClibrary\library\index.php(13): CApplication->run()
#5 {main}
REQUEST_URI=/library/index.php/bookStore/images/9787544253116.jpg
HTTP_REFERER=http://localhost:8080/library/index.php/bookStore/index
---
2013/08/06 03:17:54 [error] [exception.CHttpException.404] exception 'CHttpException' with message 'The system is unable to find the requested action "images".' in D:\code\android\GTCClibrary\yii\framework\web\CController.php:483
Stack trace:
#0 D:\code\android\GTCClibrary\yii\framework\web\CController.php(270): CController->missingAction('images')
#1 D:\code\android\GTCClibrary\yii\framework\web\CWebApplication.php(282): CController->run('images')
#2 D:\code\android\GTCClibrary\yii\framework\web\CWebApplication.php(141): CWebApplication->runController('bookStore/image...')
#3 D:\code\android\GTCClibrary\yii\framework\base\CApplication.php(169): CWebApplication->processRequest()
#4 D:\code\android\GTCClibrary\library\index.php(13): CApplication->run()
#5 {main}
REQUEST_URI=/library/index.php/bookStore/images/9787302155553.jpg
HTTP_REFERER=http://localhost:8080/library/index.php/bookStore/index
---
2013/08/06 03:17:54 [error] [exception.CHttpException.404] exception 'CHttpException' with message 'The system is unable to find the requested action "images".' in D:\code\android\GTCClibrary\yii\framework\web\CController.php:483
Stack trace:
#0 D:\code\android\GTCClibrary\yii\framework\web\CController.php(270): CController->missingAction('images')
#1 D:\code\android\GTCClibrary\yii\framework\web\CWebApplication.php(282): CController->run('images')
#2 D:\code\android\GTCClibrary\yii\framework\web\CWebApplication.php(141): CWebApplication->runController('bookStore/image...')
#3 D:\code\android\GTCClibrary\yii\framework\base\CApplication.php(169): CWebApplication->processRequest()
#4 D:\code\android\GTCClibrary\library\index.php(13): CApplication->run()
#5 {main}
REQUEST_URI=/library/index.php/bookStore/images/9787111283560.jpg
HTTP_REFERER=http://localhost:8080/library/index.php/bookStore/index
---
2013/08/06 03:17:54 [error] [exception.CHttpException.404] exception 'CHttpException' with message 'The system is unable to find the requested action "images".' in D:\code\android\GTCClibrary\yii\framework\web\CController.php:483
Stack trace:
#0 D:\code\android\GTCClibrary\yii\framework\web\CController.php(270): CController->missingAction('images')
#1 D:\code\android\GTCClibrary\yii\framework\web\CWebApplication.php(282): CController->run('images')
#2 D:\code\android\GTCClibrary\yii\framework\web\CWebApplication.php(141): CWebApplication->runController('bookStore/image...')
#3 D:\code\android\GTCClibrary\yii\framework\base\CApplication.php(169): CWebApplication->processRequest()
#4 D:\code\android\GTCClibrary\library\index.php(13): CApplication->run()
#5 {main}
REQUEST_URI=/library/index.php/bookStore/images/9787544253116.jpg
HTTP_REFERER=http://localhost:8080/library/index.php/bookStore/index
---
2013/08/06 03:17:54 [error] [exception.CHttpException.404] exception 'CHttpException' with message 'The system is unable to find the requested action "images".' in D:\code\android\GTCClibrary\yii\framework\web\CController.php:483
Stack trace:
#0 D:\code\android\GTCClibrary\yii\framework\web\CController.php(270): CController->missingAction('images')
#1 D:\code\android\GTCClibrary\yii\framework\web\CWebApplication.php(282): CController->run('images')
#2 D:\code\android\GTCClibrary\yii\framework\web\CWebApplication.php(141): CWebApplication->runController('bookStore/image...')
#3 D:\code\android\GTCClibrary\yii\framework\base\CApplication.php(169): CWebApplication->processRequest()
#4 D:\code\android\GTCClibrary\library\index.php(13): CApplication->run()
#5 {main}
REQUEST_URI=/library/index.php/bookStore/images/9787538735086.jpg
HTTP_REFERER=http://localhost:8080/library/index.php/bookStore/index
---
2013/08/06 03:17:54 [error] [exception.CHttpException.404] exception 'CHttpException' with message 'The system is unable to find the requested action "images".' in D:\code\android\GTCClibrary\yii\framework\web\CController.php:483
Stack trace:
#0 D:\code\android\GTCClibrary\yii\framework\web\CController.php(270): CController->missingAction('images')
#1 D:\code\android\GTCClibrary\yii\framework\web\CWebApplication.php(282): CController->run('images')
#2 D:\code\android\GTCClibrary\yii\framework\web\CWebApplication.php(141): CWebApplication->runController('bookStore/image...')
#3 D:\code\android\GTCClibrary\yii\framework\base\CApplication.php(169): CWebApplication->processRequest()
#4 D:\code\android\GTCClibrary\library\index.php(13): CApplication->run()
#5 {main}
REQUEST_URI=/library/index.php/bookStore/images/9780066620367.jpg
HTTP_REFERER=http://localhost:8080/library/index.php/bookStore/index
---
2013/08/06 03:17:54 [error] [exception.CHttpException.404] exception 'CHttpException' with message 'The system is unable to find the requested action "images".' in D:\code\android\GTCClibrary\yii\framework\web\CController.php:483
Stack trace:
#0 D:\code\android\GTCClibrary\yii\framework\web\CController.php(270): CController->missingAction('images')
#1 D:\code\android\GTCClibrary\yii\framework\web\CWebApplication.php(282): CController->run('images')
#2 D:\code\android\GTCClibrary\yii\framework\web\CWebApplication.php(141): CWebApplication->runController('bookStore/image...')
#3 D:\code\android\GTCClibrary\yii\framework\base\CApplication.php(169): CWebApplication->processRequest()
#4 D:\code\android\GTCClibrary\library\index.php(13): CApplication->run()
#5 {main}
REQUEST_URI=/library/index.php/bookStore/images/.jpg
HTTP_REFERER=http://localhost:8080/library/index.php/bookStore/index
---
2013/08/06 03:18:14 [error] [exception.CHttpException.404] exception 'CHttpException' with message 'The system is unable to find the requested action "images".' in D:\code\android\GTCClibrary\yii\framework\web\CController.php:483
Stack trace:
#0 D:\code\android\GTCClibrary\yii\framework\web\CController.php(270): CController->missingAction('images')
#1 D:\code\android\GTCClibrary\yii\framework\web\CWebApplication.php(282): CController->run('images')
#2 D:\code\android\GTCClibrary\yii\framework\web\CWebApplication.php(141): CWebApplication->runController('bookStore/image...')
#3 D:\code\android\GTCClibrary\yii\framework\base\CApplication.php(169): CWebApplication->processRequest()
#4 D:\code\android\GTCClibrary\library\index.php(13): CApplication->run()
#5 {main}
REQUEST_URI=/library/index.php/bookStore/images/.jpg
HTTP_REFERER=http://localhost:8080/library/index.php/bookStore/index
---
2013/08/06 03:18:14 [error] [exception.CHttpException.404] exception 'CHttpException' with message 'The system is unable to find the requested action "images".' in D:\code\android\GTCClibrary\yii\framework\web\CController.php:483
Stack trace:
#0 D:\code\android\GTCClibrary\yii\framework\web\CController.php(270): CController->missingAction('images')
#1 D:\code\android\GTCClibrary\yii\framework\web\CWebApplication.php(282): CController->run('images')
#2 D:\code\android\GTCClibrary\yii\framework\web\CWebApplication.php(141): CWebApplication->runController('bookStore/image...')
#3 D:\code\android\GTCClibrary\yii\framework\base\CApplication.php(169): CWebApplication->processRequest()
#4 D:\code\android\GTCClibrary\library\index.php(13): CApplication->run()
#5 {main}
REQUEST_URI=/library/index.php/bookStore/images/9787111283560.jpg
HTTP_REFERER=http://localhost:8080/library/index.php/bookStore/index
---
2013/08/06 03:18:14 [error] [exception.CHttpException.404] exception 'CHttpException' with message 'The system is unable to find the requested action "images".' in D:\code\android\GTCClibrary\yii\framework\web\CController.php:483
Stack trace:
#0 D:\code\android\GTCClibrary\yii\framework\web\CController.php(270): CController->missingAction('images')
#1 D:\code\android\GTCClibrary\yii\framework\web\CWebApplication.php(282): CController->run('images')
#2 D:\code\android\GTCClibrary\yii\framework\web\CWebApplication.php(141): CWebApplication->runController('bookStore/image...')
#3 D:\code\android\GTCClibrary\yii\framework\base\CApplication.php(169): CWebApplication->processRequest()
#4 D:\code\android\GTCClibrary\library\index.php(13): CApplication->run()
#5 {main}
REQUEST_URI=/library/index.php/bookStore/images/9787538735086.jpg
HTTP_REFERER=http://localhost:8080/library/index.php/bookStore/index
---
2013/08/06 03:18:14 [error] [exception.CHttpException.404] exception 'CHttpException' with message 'The system is unable to find the requested action "images".' in D:\code\android\GTCClibrary\yii\framework\web\CController.php:483
Stack trace:
#0 D:\code\android\GTCClibrary\yii\framework\web\CController.php(270): CController->missingAction('images')
#1 D:\code\android\GTCClibrary\yii\framework\web\CWebApplication.php(282): CController->run('images')
#2 D:\code\android\GTCClibrary\yii\framework\web\CWebApplication.php(141): CWebApplication->runController('bookStore/image...')
#3 D:\code\android\GTCClibrary\yii\framework\base\CApplication.php(169): CWebApplication->processRequest()
#4 D:\code\android\GTCClibrary\library\index.php(13): CApplication->run()
#5 {main}
REQUEST_URI=/library/index.php/bookStore/images/9780066620367.jpg
HTTP_REFERER=http://localhost:8080/library/index.php/bookStore/index
---
2013/08/06 03:18:14 [error] [exception.CHttpException.404] exception 'CHttpException' with message 'The system is unable to find the requested action "images".' in D:\code\android\GTCClibrary\yii\framework\web\CController.php:483
Stack trace:
#0 D:\code\android\GTCClibrary\yii\framework\web\CController.php(270): CController->missingAction('images')
#1 D:\code\android\GTCClibrary\yii\framework\web\CWebApplication.php(282): CController->run('images')
#2 D:\code\android\GTCClibrary\yii\framework\web\CWebApplication.php(141): CWebApplication->runController('bookStore/image...')
#3 D:\code\android\GTCClibrary\yii\framework\base\CApplication.php(169): CWebApplication->processRequest()
#4 D:\code\android\GTCClibrary\library\index.php(13): CApplication->run()
#5 {main}
REQUEST_URI=/library/index.php/bookStore/images/9787544253116.jpg
HTTP_REFERER=http://localhost:8080/library/index.php/bookStore/index
---
2013/08/06 03:18:14 [error] [exception.CHttpException.404] exception 'CHttpException' with message 'The system is unable to find the requested action "images".' in D:\code\android\GTCClibrary\yii\framework\web\CController.php:483
Stack trace:
#0 D:\code\android\GTCClibrary\yii\framework\web\CController.php(270): CController->missingAction('images')
#1 D:\code\android\GTCClibrary\yii\framework\web\CWebApplication.php(282): CController->run('images')
#2 D:\code\android\GTCClibrary\yii\framework\web\CWebApplication.php(141): CWebApplication->runController('bookStore/image...')
#3 D:\code\android\GTCClibrary\yii\framework\base\CApplication.php(169): CWebApplication->processRequest()
#4 D:\code\android\GTCClibrary\library\index.php(13): CApplication->run()
#5 {main}
REQUEST_URI=/library/index.php/bookStore/images/9787302155553.jpg
HTTP_REFERER=http://localhost:8080/library/index.php/bookStore/index
---
2013/08/06 03:19:43 [error] [exception.CException] exception 'CException' with message 'Property "CUrlManager.<controller:\w+>/<action:\w+>" is not defined.' in D:\code\android\GTCClibrary\yii\framework\base\CComponent.php:173
Stack trace:
#0 D:\code\android\GTCClibrary\yii\framework\YiiBase.php(220): CComponent->__set('<controller:\w+...', '<controller>/<a...')
#1 D:\code\android\GTCClibrary\yii\framework\base\CModule.php(386): YiiBase::createComponent(Array)
#2 D:\code\android\GTCClibrary\yii\framework\base\CApplication.php(510): CModule->getComponent('urlManager')
#3 D:\code\android\GTCClibrary\yii\framework\web\CWebApplication.php(140): CApplication->getUrlManager()
#4 D:\code\android\GTCClibrary\yii\framework\base\CApplication.php(169): CWebApplication->processRequest()
#5 D:\code\android\GTCClibrary\library\index.php(13): CApplication->run()
#6 {main}
REQUEST_URI=/library/
---
2013/08/06 03:19:47 [error] [exception.CException] exception 'CException' with message 'Property "CUrlManager.<controller:\w+>/<action:\w+>" is not defined.' in D:\code\android\GTCClibrary\yii\framework\base\CComponent.php:173
Stack trace:
#0 D:\code\android\GTCClibrary\yii\framework\YiiBase.php(220): CComponent->__set('<controller:\w+...', '<controller>/<a...')
#1 D:\code\android\GTCClibrary\yii\framework\base\CModule.php(386): YiiBase::createComponent(Array)
#2 D:\code\android\GTCClibrary\yii\framework\base\CApplication.php(510): CModule->getComponent('urlManager')
#3 D:\code\android\GTCClibrary\yii\framework\web\CWebApplication.php(140): CApplication->getUrlManager()
#4 D:\code\android\GTCClibrary\yii\framework\base\CApplication.php(169): CWebApplication->processRequest()
#5 D:\code\android\GTCClibrary\library\index.php(13): CApplication->run()
#6 {main}
REQUEST_URI=/library/
---
2013/08/06 03:20:06 [error] [exception.CHttpException.404] exception 'CHttpException' with message 'The system is unable to find the requested action "images".' in D:\code\android\GTCClibrary\yii\framework\web\CController.php:483
Stack trace:
#0 D:\code\android\GTCClibrary\yii\framework\web\CController.php(270): CController->missingAction('images')
#1 D:\code\android\GTCClibrary\yii\framework\web\CWebApplication.php(282): CController->run('images')
#2 D:\code\android\GTCClibrary\yii\framework\web\CWebApplication.php(141): CWebApplication->runController('bookStore/image...')
#3 D:\code\android\GTCClibrary\yii\framework\base\CApplication.php(169): CWebApplication->processRequest()
#4 D:\code\android\GTCClibrary\library\index.php(13): CApplication->run()
#5 {main}
REQUEST_URI=/library/index.php/bookStore/images/9787111283560.jpg
HTTP_REFERER=http://localhost:8080/library/index.php/bookStore/index
---
2013/08/06 03:20:06 [error] [exception.CHttpException.404] exception 'CHttpException' with message 'The system is unable to find the requested action "images".' in D:\code\android\GTCClibrary\yii\framework\web\CController.php:483
Stack trace:
#0 D:\code\android\GTCClibrary\yii\framework\web\CController.php(270): CController->missingAction('images')
#1 D:\code\android\GTCClibrary\yii\framework\web\CWebApplication.php(282): CController->run('images')
#2 D:\code\android\GTCClibrary\yii\framework\web\CWebApplication.php(141): CWebApplication->runController('bookStore/image...')
#3 D:\code\android\GTCClibrary\yii\framework\base\CApplication.php(169): CWebApplication->processRequest()
#4 D:\code\android\GTCClibrary\library\index.php(13): CApplication->run()
#5 {main}
REQUEST_URI=/library/index.php/bookStore/images/9787538735086.jpg
HTTP_REFERER=http://localhost:8080/library/index.php/bookStore/index
---
2013/08/06 03:20:06 [error] [exception.CHttpException.404] exception 'CHttpException' with message 'The system is unable to find the requested action "images".' in D:\code\android\GTCClibrary\yii\framework\web\CController.php:483
Stack trace:
#0 D:\code\android\GTCClibrary\yii\framework\web\CController.php(270): CController->missingAction('images')
#1 D:\code\android\GTCClibrary\yii\framework\web\CWebApplication.php(282): CController->run('images')
#2 D:\code\android\GTCClibrary\yii\framework\web\CWebApplication.php(141): CWebApplication->runController('bookStore/image...')
#3 D:\code\android\GTCClibrary\yii\framework\base\CApplication.php(169): CWebApplication->processRequest()
#4 D:\code\android\GTCClibrary\library\index.php(13): CApplication->run()
#5 {main}
REQUEST_URI=/library/index.php/bookStore/images/9780066620367.jpg
HTTP_REFERER=http://localhost:8080/library/index.php/bookStore/index
---
2013/08/06 03:20:06 [error] [exception.CHttpException.404] exception 'CHttpException' with message 'The system is unable to find the requested action "images".' in D:\code\android\GTCClibrary\yii\framework\web\CController.php:483
Stack trace:
#0 D:\code\android\GTCClibrary\yii\framework\web\CController.php(270): CController->missingAction('images')
#1 D:\code\android\GTCClibrary\yii\framework\web\CWebApplication.php(282): CController->run('images')
#2 D:\code\android\GTCClibrary\yii\framework\web\CWebApplication.php(141): CWebApplication->runController('bookStore/image...')
#3 D:\code\android\GTCClibrary\yii\framework\base\CApplication.php(169): CWebApplication->processRequest()
#4 D:\code\android\GTCClibrary\library\index.php(13): CApplication->run()
#5 {main}
REQUEST_URI=/library/index.php/bookStore/images/9787544253116.jpg
HTTP_REFERER=http://localhost:8080/library/index.php/bookStore/index
---
2013/08/06 03:20:06 [error] [exception.CHttpException.404] exception 'CHttpException' with message 'The system is unable to find the requested action "images".' in D:\code\android\GTCClibrary\yii\framework\web\CController.php:483
Stack trace:
#0 D:\code\android\GTCClibrary\yii\framework\web\CController.php(270): CController->missingAction('images')
#1 D:\code\android\GTCClibrary\yii\framework\web\CWebApplication.php(282): CController->run('images')
#2 D:\code\android\GTCClibrary\yii\framework\web\CWebApplication.php(141): CWebApplication->runController('bookStore/image...')
#3 D:\code\android\GTCClibrary\yii\framework\base\CApplication.php(169): CWebApplication->processRequest()
#4 D:\code\android\GTCClibrary\library\index.php(13): CApplication->run()
#5 {main}
REQUEST_URI=/library/index.php/bookStore/images/9787302155553.jpg
HTTP_REFERER=http://localhost:8080/library/index.php/bookStore/index
---
2013/08/06 03:20:06 [error] [exception.CHttpException.404] exception 'CHttpException' with message 'The system is unable to find the requested action "images".' in D:\code\android\GTCClibrary\yii\framework\web\CController.php:483
Stack trace:
#0 D:\code\android\GTCClibrary\yii\framework\web\CController.php(270): CController->missingAction('images')
#1 D:\code\android\GTCClibrary\yii\framework\web\CWebApplication.php(282): CController->run('images')
#2 D:\code\android\GTCClibrary\yii\framework\web\CWebApplication.php(141): CWebApplication->runController('bookStore/image...')
#3 D:\code\android\GTCClibrary\yii\framework\base\CApplication.php(169): CWebApplication->processRequest()
#4 D:\code\android\GTCClibrary\library\index.php(13): CApplication->run()
#5 {main}
REQUEST_URI=/library/index.php/bookStore/images/.jpg
HTTP_REFERER=http://localhost:8080/library/index.php/bookStore/index
---
2013/08/06 05:52:08 [error] [exception.CException] exception 'CException' with message 'Property "CUrlManager.rule" is not defined.' in D:\code\android\GTCClibrary\yii\framework\base\CComponent.php:173
Stack trace:
#0 D:\code\android\GTCClibrary\yii\framework\YiiBase.php(220): CComponent->__set('rule', Array)
#1 D:\code\android\GTCClibrary\yii\framework\base\CModule.php(386): YiiBase::createComponent(Array)
#2 D:\code\android\GTCClibrary\yii\framework\base\CApplication.php(510): CModule->getComponent('urlManager')
#3 D:\code\android\GTCClibrary\yii\framework\web\CWebApplication.php(140): CApplication->getUrlManager()
#4 D:\code\android\GTCClibrary\yii\framework\base\CApplication.php(169): CWebApplication->processRequest()
#5 D:\code\android\GTCClibrary\library\index.php(13): CApplication->run()
#6 {main}
REQUEST_URI=/library/library/index.php?debug_host=129.223.252.139%2C192.168.56.1%2C127.0.0.1&debug_fastfile=1&start_debug=1&debug_port=10137&use_remote=1&original_url=http%3A%2F%2Flocalhost%3A8080%2Flibrary%2Flibrary%2Findex.php&send_sess_end=1&debug_stop=1&debug_start_session=1&debug_no_cache=1375768328177&debug_session_id=1001
---
2013/08/06 05:52:38 [error] [exception.CHttpException.404] exception 'CHttpException' with message 'Unable to resolve the request "library/index.php".' in D:\code\android\GTCClibrary\yii\framework\web\CWebApplication.php:286
Stack trace:
#0 D:\code\android\GTCClibrary\yii\framework\web\CWebApplication.php(141): CWebApplication->runController('library/index.p...')
#1 D:\code\android\GTCClibrary\yii\framework\base\CApplication.php(169): CWebApplication->processRequest()
#2 D:\code\android\GTCClibrary\library\index.php(13): CApplication->run()
#3 {main}
REQUEST_URI=/library/library/index.php?debug_host=129.223.252.139%2C192.168.56.1%2C127.0.0.1&debug_fastfile=1&start_debug=1&debug_port=10137&use_remote=1&original_url=http%3A%2F%2Flocalhost%3A8080%2Flibrary%2Flibrary%2Findex.php&send_sess_end=1&debug_stop=1&debug_start_session=1&debug_no_cache=1375768328177&debug_session_id=1001
---
2013/08/06 05:52:55 [error] [exception.CHttpException.404] exception 'CHttpException' with message 'Unable to resolve the request "library/index.php".' in D:\code\android\GTCClibrary\yii\framework\web\CWebApplication.php:286
Stack trace:
#0 D:\code\android\GTCClibrary\yii\framework\web\CWebApplication.php(141): CWebApplication->runController('library/index.p...')
#1 D:\code\android\GTCClibrary\yii\framework\base\CApplication.php(169): CWebApplication->processRequest()
#2 D:\code\android\GTCClibrary\library\index.php(13): CApplication->run()
#3 {main}
REQUEST_URI=/library/library/index.php?debug_host=129.223.252.139%2C192.168.56.1%2C127.0.0.1&debug_fastfile=1&start_debug=1&debug_port=10137&use_remote=1&original_url=http%3A%2F%2Flocalhost%3A8080%2Flibrary%2Flibrary%2Findex.php&send_sess_end=1&debug_stop=1&debug_start_session=1&debug_no_cache=1375768375724&debug_session_id=1002
---
2013/08/06 05:56:04 [error] [exception.CException] exception 'CException' with message 'Property "CUrlManager.rule" is not defined.' in D:\code\android\GTCClibrary\yii\framework\base\CComponent.php:173
Stack trace:
#0 D:\code\android\GTCClibrary\yii\framework\YiiBase.php(220): CComponent->__set('rule', Array)
#1 D:\code\android\GTCClibrary\yii\framework\base\CModule.php(386): YiiBase::createComponent(Array)
#2 D:\code\android\GTCClibrary\yii\framework\base\CApplication.php(510): CModule->getComponent('urlManager')
#3 D:\code\android\GTCClibrary\yii\framework\web\CWebApplication.php(140): CApplication->getUrlManager()
#4 D:\code\android\GTCClibrary\yii\framework\base\CApplication.php(169): CWebApplication->processRequest()
#5 D:\code\android\GTCClibrary\library\index.php(13): CApplication->run()
#6 {main}
REQUEST_URI=/library/
---
2013/08/06 06:01:12 [error] [exception.CHttpException.404] exception 'CHttpException' with message 'The system is unable to find the requested action "images".' in D:\code\android\GTCClibrary\yii\framework\web\CController.php:483
Stack trace:
#0 D:\code\android\GTCClibrary\yii\framework\web\CController.php(270): CController->missingAction('images')
#1 D:\code\android\GTCClibrary\yii\framework\web\CWebApplication.php(282): CController->run('images')
#2 D:\code\android\GTCClibrary\yii\framework\web\CWebApplication.php(141): CWebApplication->runController('bookStore/image...')
#3 D:\code\android\GTCClibrary\yii\framework\base\CApplication.php(169): CWebApplication->processRequest()
#4 D:\code\android\GTCClibrary\library\index.php(13): CApplication->run()
#5 {main}
REQUEST_URI=/library/index.php/bookStore/images/9787302155553.jpg
HTTP_REFERER=http://localhost:8080/library/index.php/bookStore/index
---
2013/08/06 06:01:12 [error] [exception.CHttpException.404] exception 'CHttpException' with message 'The system is unable to find the requested action "images".' in D:\code\android\GTCClibrary\yii\framework\web\CController.php:483
Stack trace:
#0 D:\code\android\GTCClibrary\yii\framework\web\CController.php(270): CController->missingAction('images')
#1 D:\code\android\GTCClibrary\yii\framework\web\CWebApplication.php(282): CController->run('images')
#2 D:\code\android\GTCClibrary\yii\framework\web\CWebApplication.php(141): CWebApplication->runController('bookStore/image...')
#3 D:\code\android\GTCClibrary\yii\framework\base\CApplication.php(169): CWebApplication->processRequest()
#4 D:\code\android\GTCClibrary\library\index.php(13): CApplication->run()
#5 {main}
REQUEST_URI=/library/index.php/bookStore/images/9787544253116.jpg
HTTP_REFERER=http://localhost:8080/library/index.php/bookStore/index
---
2013/08/06 06:01:12 [error] [exception.CHttpException.404] exception 'CHttpException' with message 'The system is unable to find the requested action "images".' in D:\code\android\GTCClibrary\yii\framework\web\CController.php:483
Stack trace:
#0 D:\code\android\GTCClibrary\yii\framework\web\CController.php(270): CController->missingAction('images')
#1 D:\code\android\GTCClibrary\yii\framework\web\CWebApplication.php(282): CController->run('images')
#2 D:\code\android\GTCClibrary\yii\framework\web\CWebApplication.php(141): CWebApplication->runController('bookStore/image...')
#3 D:\code\android\GTCClibrary\yii\framework\base\CApplication.php(169): CWebApplication->processRequest()
#4 D:\code\android\GTCClibrary\library\index.php(13): CApplication->run()
#5 {main}
REQUEST_URI=/library/index.php/bookStore/images/9787111283560.jpg
HTTP_REFERER=http://localhost:8080/library/index.php/bookStore/index
---
2013/08/06 06:01:12 [error] [exception.CHttpException.404] exception 'CHttpException' with message 'The system is unable to find the requested action "images".' in D:\code\android\GTCClibrary\yii\framework\web\CController.php:483
Stack trace:
#0 D:\code\android\GTCClibrary\yii\framework\web\CController.php(270): CController->missingAction('images')
#1 D:\code\android\GTCClibrary\yii\framework\web\CWebApplication.php(282): CController->run('images')
#2 D:\code\android\GTCClibrary\yii\framework\web\CWebApplication.php(141): CWebApplication->runController('bookStore/image...')
#3 D:\code\android\GTCClibrary\yii\framework\base\CApplication.php(169): CWebApplication->processRequest()
#4 D:\code\android\GTCClibrary\library\index.php(13): CApplication->run()
#5 {main}
REQUEST_URI=/library/index.php/bookStore/images/9780066620367.jpg
HTTP_REFERER=http://localhost:8080/library/index.php/bookStore/index
---
2013/08/06 06:01:12 [error] [exception.CHttpException.404] exception 'CHttpException' with message 'The system is unable to find the requested action "images".' in D:\code\android\GTCClibrary\yii\framework\web\CController.php:483
Stack trace:
#0 D:\code\android\GTCClibrary\yii\framework\web\CController.php(270): CController->missingAction('images')
#1 D:\code\android\GTCClibrary\yii\framework\web\CWebApplication.php(282): CController->run('images')
#2 D:\code\android\GTCClibrary\yii\framework\web\CWebApplication.php(141): CWebApplication->runController('bookStore/image...')
#3 D:\code\android\GTCClibrary\yii\framework\base\CApplication.php(169): CWebApplication->processRequest()
#4 D:\code\android\GTCClibrary\library\index.php(13): CApplication->run()
#5 {main}
REQUEST_URI=/library/index.php/bookStore/images/.jpg
HTTP_REFERER=http://localhost:8080/library/index.php/bookStore/index
---
2013/08/06 06:01:12 [error] [exception.CHttpException.404] exception 'CHttpException' with message 'The system is unable to find the requested action "images".' in D:\code\android\GTCClibrary\yii\framework\web\CController.php:483
Stack trace:
#0 D:\code\android\GTCClibrary\yii\framework\web\CController.php(270): CController->missingAction('images')
#1 D:\code\android\GTCClibrary\yii\framework\web\CWebApplication.php(282): CController->run('images')
#2 D:\code\android\GTCClibrary\yii\framework\web\CWebApplication.php(141): CWebApplication->runController('bookStore/image...')
#3 D:\code\android\GTCClibrary\yii\framework\base\CApplication.php(169): CWebApplication->processRequest()
#4 D:\code\android\GTCClibrary\library\index.php(13): CApplication->run()
#5 {main}
REQUEST_URI=/library/index.php/bookStore/images/9787538735086.jpg
HTTP_REFERER=http://localhost:8080/library/index.php/bookStore/index
---
2013/08/06 06:03:29 [error] [exception.CHttpException.404] exception 'CHttpException' with message 'Unable to resolve the request "api/list".' in D:\code\android\GTCClibrary\yii\framework\web\CWebApplication.php:286
Stack trace:
#0 D:\code\android\GTCClibrary\yii\framework\web\CWebApplication.php(141): CWebApplication->runController('api/list')
#1 D:\code\android\GTCClibrary\yii\framework\base\CApplication.php(169): CWebApplication->processRequest()
#2 D:\code\android\GTCClibrary\library\index.php(13): CApplication->run()
#3 {main}
REQUEST_URI=/library/api/books
---
2013/08/06 07:19:58 [error] [php] Use of undefined constant models - assumed 'models' (D:\code\android\GTCClibrary\library\protected\controllers\ApiController.php:22)
Stack trace:
#0 D:\code\android\GTCClibrary\yii\framework\web\CController.php(286): ApiController->runAction()
#1 D:\code\android\GTCClibrary\yii\framework\web\CController.php(265): ApiController->runActionWithFilters()
#2 D:\code\android\GTCClibrary\yii\framework\web\CWebApplication.php(282): ApiController->run()
#3 D:\code\android\GTCClibrary\yii\framework\web\CWebApplication.php(141): CWebApplication->runController()
#4 D:\code\android\GTCClibrary\yii\framework\base\CApplication.php(169): CWebApplication->processRequest()
#5 D:\code\android\GTCClibrary\library\index.php(13): CWebApplication->run()
REQUEST_URI=/library/api/books
in D:\code\android\GTCClibrary\library\protected\controllers\ApiController.php (22)
in D:\code\android\GTCClibrary\library\index.php (13)
2013/08/06 07:20:10 [error] [php] Undefined variable: rows (D:\code\android\GTCClibrary\library\protected\controllers\ApiController.php:33)
Stack trace:
#0 D:\code\android\GTCClibrary\yii\framework\web\CController.php(286): ApiController->runAction()
#1 D:\code\android\GTCClibrary\yii\framework\web\CController.php(265): ApiController->runActionWithFilters()
#2 D:\code\android\GTCClibrary\yii\framework\web\CWebApplication.php(282): ApiController->run()
#3 D:\code\android\GTCClibrary\yii\framework\web\CWebApplication.php(141): CWebApplication->runController()
#4 D:\code\android\GTCClibrary\yii\framework\base\CApplication.php(169): CWebApplication->processRequest()
#5 D:\code\android\GTCClibrary\library\index.php(13): CWebApplication->run()
REQUEST_URI=/library/api/books
in D:\code\android\GTCClibrary\library\protected\controllers\ApiController.php (33)
in D:\code\android\GTCClibrary\library\index.php (13)
2013/08/06 07:36:50 [error] [php] Undefined variable: is_null (D:\code\android\GTCClibrary\library\protected\controllers\ApiController.php:51)
Stack trace:
#0 D:\code\android\GTCClibrary\yii\framework\web\CController.php(286): ApiController->runAction()
#1 D:\code\android\GTCClibrary\yii\framework\web\CController.php(265): ApiController->runActionWithFilters()
#2 D:\code\android\GTCClibrary\yii\framework\web\CWebApplication.php(282): ApiController->run()
#3 D:\code\android\GTCClibrary\yii\framework\web\CWebApplication.php(141): CWebApplication->runController()
#4 D:\code\android\GTCClibrary\yii\framework\base\CApplication.php(169): CWebApplication->processRequest()
#5 D:\code\android\GTCClibrary\library\index.php(13): CWebApplication->run()
REQUEST_URI=/library/api/book/9787111283560
in D:\code\android\GTCClibrary\library\protected\controllers\ApiController.php (51)
in D:\code\android\GTCClibrary\library\index.php (13)
2013/08/06 07:37:25 [error] [php] Undefined variable: is_null (D:\code\android\GTCClibrary\library\protected\controllers\ApiController.php:51)
Stack trace:
#0 D:\code\android\GTCClibrary\yii\framework\web\CController.php(286): ApiController->runAction()
#1 D:\code\android\GTCClibrary\yii\framework\web\CController.php(265): ApiController->runActionWithFilters()
#2 D:\code\android\GTCClibrary\yii\framework\web\CWebApplication.php(282): ApiController->run()
#3 D:\code\android\GTCClibrary\yii\framework\web\CWebApplication.php(141): CWebApplication->runController()
#4 D:\code\android\GTCClibrary\yii\framework\base\CApplication.php(169): CWebApplication->processRequest()
#5 D:\code\android\GTCClibrary\library\index.php(13): CWebApplication->run()
REQUEST_URI=/library/api/book/9787111283560
in D:\code\android\GTCClibrary\library\protected\controllers\ApiController.php (51)
in D:\code\android\GTCClibrary\library\index.php (13)
2013/08/06 07:39:02 [error] [php] Use of undefined constant model - assumed 'model' (D:\code\android\GTCClibrary\library\protected\controllers\ApiController.php:51)
Stack trace:
#0 D:\code\android\GTCClibrary\yii\framework\web\CController.php(286): ApiController->runAction()
#1 D:\code\android\GTCClibrary\yii\framework\web\CController.php(265): ApiController->runActionWithFilters()
#2 D:\code\android\GTCClibrary\yii\framework\web\CWebApplication.php(282): ApiController->run()
#3 D:\code\android\GTCClibrary\yii\framework\web\CWebApplication.php(141): CWebApplication->runController()
#4 D:\code\android\GTCClibrary\yii\framework\base\CApplication.php(169): CWebApplication->processRequest()
#5 D:\code\android\GTCClibrary\library\index.php(13): CWebApplication->run()
REQUEST_URI=/library/api/book/9787111283560
in D:\code\android\GTCClibrary\library\protected\controllers\ApiController.php (51)
in D:\code\android\GTCClibrary\library\index.php (13)
2013/08/06 07:40:14 [error] [exception.CHttpException.404] exception 'CHttpException' with message 'The system is unable to find the requested action "book".' in D:\code\android\GTCClibrary\yii\framework\web\CController.php:483
Stack trace:
#0 D:\code\android\GTCClibrary\yii\framework\web\CController.php(270): CController->missingAction('book')
#1 D:\code\android\GTCClibrary\yii\framework\web\CWebApplication.php(282): CController->run('book')
#2 D:\code\android\GTCClibrary\yii\framework\web\CWebApplication.php(141): CWebApplication->runController('api/book/51108b...')
#3 D:\code\android\GTCClibrary\yii\framework\base\CApplication.php(169): CWebApplication->processRequest()
#4 D:\code\android\GTCClibrary\library\index.php(13): CApplication->run()
#5 {main}
REQUEST_URI=/library/api/book/51108b520c4a2cc81000000b
---
2013/08/06 07:40:22 [error] [exception.CHttpException.404] exception 'CHttpException' with message 'The system is unable to find the requested action "book".' in D:\code\android\GTCClibrary\yii\framework\web\CController.php:483
Stack trace:
#0 D:\code\android\GTCClibrary\yii\framework\web\CController.php(270): CController->missingAction('book')
#1 D:\code\android\GTCClibrary\yii\framework\web\CWebApplication.php(282): CController->run('book')
#2 D:\code\android\GTCClibrary\yii\framework\web\CWebApplication.php(141): CWebApplication->runController('api/book/51108b...')
#3 D:\code\android\GTCClibrary\yii\framework\base\CApplication.php(169): CWebApplication->processRequest()
#4 D:\code\android\GTCClibrary\library\index.php(13): CApplication->run()
#5 {main}
REQUEST_URI=/library/api/book/51108b520c4a2cc81000000b
---
2013/08/06 07:40:35 [error] [exception.CHttpException.404] exception 'CHttpException' with message 'The system is unable to find the requested action "book".' in D:\code\android\GTCClibrary\yii\framework\web\CController.php:483
Stack trace:
#0 D:\code\android\GTCClibrary\yii\framework\web\CController.php(270): CController->missingAction('book')
#1 D:\code\android\GTCClibrary\yii\framework\web\CWebApplication.php(282): CController->run('book')
#2 D:\code\android\GTCClibrary\yii\framework\web\CWebApplication.php(141): CWebApplication->runController('api/book/51108b...')
#3 D:\code\android\GTCClibrary\yii\framework\base\CApplication.php(169): CWebApplication->processRequest()
#4 D:\code\android\GTCClibrary\library\index.php(13): CApplication->run()
#5 {main}
REQUEST_URI=/library/api/book/51108b520c4a2cc81000000b
---
2013/08/06 07:41:25 [error] [exception.CHttpException.404] exception 'CHttpException' with message 'The system is unable to find the requested action "book".' in D:\code\android\GTCClibrary\yii\framework\web\CController.php:483
Stack trace:
#0 D:\code\android\GTCClibrary\yii\framework\web\CController.php(270): CController->missingAction('book')
#1 D:\code\android\GTCClibrary\yii\framework\web\CWebApplication.php(282): CController->run('book')
#2 D:\code\android\GTCClibrary\yii\framework\web\CWebApplication.php(141): CWebApplication->runController('api/book/51108b...')
#3 D:\code\android\GTCClibrary\yii\framework\base\CApplication.php(169): CWebApplication->processRequest()
#4 D:\code\android\GTCClibrary\library\index.php(13): CApplication->run()
#5 {main}
REQUEST_URI=/library/api/book/51108b520c4a2cc81000000b
---
2013/08/06 07:41:41 [error] [exception.CHttpException.404] exception 'CHttpException' with message 'The system is unable to find the requested action "book".' in D:\code\android\GTCClibrary\yii\framework\web\CController.php:483
Stack trace:
#0 D:\code\android\GTCClibrary\yii\framework\web\CController.php(270): CController->missingAction('book')
#1 D:\code\android\GTCClibrary\yii\framework\web\CWebApplication.php(282): CController->run('book')
#2 D:\code\android\GTCClibrary\yii\framework\web\CWebApplication.php(141): CWebApplication->runController('api/book/51108b')
#3 D:\code\android\GTCClibrary\yii\framework\base\CApplication.php(169): CWebApplication->processRequest()
#4 D:\code\android\GTCClibrary\library\index.php(13): CApplication->run()
#5 {main}
REQUEST_URI=/library/api/book/51108b
---
2013/08/06 07:45:50 [error] [exception.CHttpException.404] exception 'CHttpException' with message 'The system is unable to find the requested action "images".' in D:\code\android\GTCClibrary\yii\framework\web\CController.php:483
Stack trace:
#0 D:\code\android\GTCClibrary\yii\framework\web\CController.php(270): CController->missingAction('images')
#1 D:\code\android\GTCClibrary\yii\framework\web\CWebApplication.php(282): CController->run('images')
#2 D:\code\android\GTCClibrary\yii\framework\web\CWebApplication.php(141): CWebApplication->runController('bookStore/image...')
#3 D:\code\android\GTCClibrary\yii\framework\base\CApplication.php(169): CWebApplication->processRequest()
#4 D:\code\android\GTCClibrary\library\index.php(13): CApplication->run()
#5 {main}
REQUEST_URI=/library/index.php/bookStore/images/9787111283560.jpg
HTTP_REFERER=http://localhost:8080/library/index.php/bookStore/index
---
2013/08/06 07:45:50 [error] [exception.CHttpException.404] exception 'CHttpException' with message 'The system is unable to find the requested action "images".' in D:\code\android\GTCClibrary\yii\framework\web\CController.php:483
Stack trace:
#0 D:\code\android\GTCClibrary\yii\framework\web\CController.php(270): CController->missingAction('images')
#1 D:\code\android\GTCClibrary\yii\framework\web\CWebApplication.php(282): CController->run('images')
#2 D:\code\android\GTCClibrary\yii\framework\web\CWebApplication.php(141): CWebApplication->runController('bookStore/image...')
#3 D:\code\android\GTCClibrary\yii\framework\base\CApplication.php(169): CWebApplication->processRequest()
#4 D:\code\android\GTCClibrary\library\index.php(13): CApplication->run()
#5 {main}
REQUEST_URI=/library/index.php/bookStore/images/.jpg
HTTP_REFERER=http://localhost:8080/library/index.php/bookStore/index
---
2013/08/06 07:45:50 [error] [exception.CHttpException.404] exception 'CHttpException' with message 'The system is unable to find the requested action "images".' in D:\code\android\GTCClibrary\yii\framework\web\CController.php:483
Stack trace:
#0 D:\code\android\GTCClibrary\yii\framework\web\CController.php(270): CController->missingAction('images')
#1 D:\code\android\GTCClibrary\yii\framework\web\CWebApplication.php(282): CController->run('images')
#2 D:\code\android\GTCClibrary\yii\framework\web\CWebApplication.php(141): CWebApplication->runController('bookStore/image...')
#3 D:\code\android\GTCClibrary\yii\framework\base\CApplication.php(169): CWebApplication->processRequest()
#4 D:\code\android\GTCClibrary\library\index.php(13): CApplication->run()
#5 {main}
REQUEST_URI=/library/index.php/bookStore/images/9787544253116.jpg
HTTP_REFERER=http://localhost:8080/library/index.php/bookStore/index
---
2013/08/06 07:45:50 [error] [exception.CHttpException.404] exception 'CHttpException' with message 'The system is unable to find the requested action "images".' in D:\code\android\GTCClibrary\yii\framework\web\CController.php:483
Stack trace:
#0 D:\code\android\GTCClibrary\yii\framework\web\CController.php(270): CController->missingAction('images')
#1 D:\code\android\GTCClibrary\yii\framework\web\CWebApplication.php(282): CController->run('images')
#2 D:\code\android\GTCClibrary\yii\framework\web\CWebApplication.php(141): CWebApplication->runController('bookStore/image...')
#3 D:\code\android\GTCClibrary\yii\framework\base\CApplication.php(169): CWebApplication->processRequest()
#4 D:\code\android\GTCClibrary\library\index.php(13): CApplication->run()
#5 {main}
REQUEST_URI=/library/index.php/bookStore/images/9787302155553.jpg
HTTP_REFERER=http://localhost:8080/library/index.php/bookStore/index
---
2013/08/06 07:45:50 [error] [exception.CHttpException.404] exception 'CHttpException' with message 'The system is unable to find the requested action "images".' in D:\code\android\GTCClibrary\yii\framework\web\CController.php:483
Stack trace:
#0 D:\code\android\GTCClibrary\yii\framework\web\CController.php(270): CController->missingAction('images')
#1 D:\code\android\GTCClibrary\yii\framework\web\CWebApplication.php(282): CController->run('images')
#2 D:\code\android\GTCClibrary\yii\framework\web\CWebApplication.php(141): CWebApplication->runController('bookStore/image...')
#3 D:\code\android\GTCClibrary\yii\framework\base\CApplication.php(169): CWebApplication->processRequest()
#4 D:\code\android\GTCClibrary\library\index.php(13): CApplication->run()
#5 {main}
REQUEST_URI=/library/index.php/bookStore/images/9780066620367.jpg
HTTP_REFERER=http://localhost:8080/library/index.php/bookStore/index
---
2013/08/06 07:45:50 [error] [exception.CHttpException.404] exception 'CHttpException' with message 'The system is unable to find the requested action "images".' in D:\code\android\GTCClibrary\yii\framework\web\CController.php:483
Stack trace:
#0 D:\code\android\GTCClibrary\yii\framework\web\CController.php(270): CController->missingAction('images')
#1 D:\code\android\GTCClibrary\yii\framework\web\CWebApplication.php(282): CController->run('images')
#2 D:\code\android\GTCClibrary\yii\framework\web\CWebApplication.php(141): CWebApplication->runController('bookStore/image...')
#3 D:\code\android\GTCClibrary\yii\framework\base\CApplication.php(169): CWebApplication->processRequest()
#4 D:\code\android\GTCClibrary\library\index.php(13): CApplication->run()
#5 {main}
REQUEST_URI=/library/index.php/bookStore/images/9787538735086.jpg
HTTP_REFERER=http://localhost:8080/library/index.php/bookStore/index
---
2013/08/06 07:45:52 [error] [exception.CHttpException.404] exception 'CHttpException' with message 'The requested page does not exist.' in D:\code\android\GTCClibrary\library\protected\controllers\BookStoreController.php:101
Stack trace:
#0 D:\code\android\GTCClibrary\library\protected\controllers\BookStoreController.php(88): BookStoreController->loadModel('images')
#1 [internal function]: BookStoreController->actionView('images')
#2 D:\code\android\GTCClibrary\yii\framework\web\actions\CAction.php(108): ReflectionMethod->invokeArgs(Object(BookStoreController), Array)
#3 D:\code\android\GTCClibrary\yii\framework\web\actions\CInlineAction.php(47): CAction->runWithParamsInternal(Object(BookStoreController), Object(ReflectionMethod), Array)
#4 D:\code\android\GTCClibrary\yii\framework\web\CController.php(308): CInlineAction->runWithParams(Array)
#5 D:\code\android\GTCClibrary\yii\framework\web\filters\CFilterChain.php(133): CController->runAction(Object(CInlineAction))
#6 D:\code\android\GTCClibrary\yii\framework\web\filters\CFilter.php(40): CFilterChain->run()
#7 D:\code\android\GTCClibrary\yii\framework\web\CController.php(1145): CFilter->filter(Object(CFilterChain))
#8 D:\code\android\GTCClibrary\yii\framework\web\filters\CInlineFilter.php(58): CController->filterAccessControl(Object(CFilterChain))
#9 D:\code\android\GTCClibrary\yii\framework\web\filters\CFilterChain.php(130): CInlineFilter->filter(Object(CFilterChain))
#10 D:\code\android\GTCClibrary\yii\framework\web\CController.php(291): CFilterChain->run()
#11 D:\code\android\GTCClibrary\yii\framework\web\CController.php(265): CController->runActionWithFilters(Object(CInlineAction), Array)
#12 D:\code\android\GTCClibrary\yii\framework\web\CWebApplication.php(282): CController->run('view')
#13 D:\code\android\GTCClibrary\yii\framework\web\CWebApplication.php(141): CWebApplication->runController('bookStore/view/...')
#14 D:\code\android\GTCClibrary\yii\framework\base\CApplication.php(169): CWebApplication->processRequest()
#15 D:\code\android\GTCClibrary\library\index.php(13): CApplication->run()
#16 {main}
REQUEST_URI=/library/index.php/bookStore/view/id/images/9787111283560.jpg
HTTP_REFERER=http://localhost:8080/library/index.php/bookStore/view/id/51108b520c4a2cc81000000b
---
2013/08/06 07:48:45 [error] [exception.CException] exception 'CException' with message 'ApiController and its behaviors do not have a method or closure named "getObjectEncoded".' in D:\code\android\GTCClibrary\yii\framework\base\CComponent.php:265
Stack trace:
#0 D:\code\android\GTCClibrary\library\protected\controllers\ApiController.php(57): CComponent->__call('getObjectEncode...', Array)
#1 D:\code\android\GTCClibrary\library\protected\controllers\ApiController.php(57): ApiController->getObjectEncoded('book', Array)
#2 D:\code\android\GTCClibrary\yii\framework\web\actions\CInlineAction.php(49): ApiController->actionView()
#3 D:\code\android\GTCClibrary\yii\framework\web\CController.php(308): CInlineAction->runWithParams(Array)
#4 D:\code\android\GTCClibrary\yii\framework\web\CController.php(286): CController->runAction(Object(CInlineAction))
#5 D:\code\android\GTCClibrary\yii\framework\web\CController.php(265): CController->runActionWithFilters(Object(CInlineAction), Array)
#6 D:\code\android\GTCClibrary\yii\framework\web\CWebApplication.php(282): CController->run('view')
#7 D:\code\android\GTCClibrary\yii\framework\web\CWebApplication.php(141): CWebApplication->runController('api/view')
#8 D:\code\android\GTCClibrary\yii\framework\base\CApplication.php(169): CWebApplication->processRequest()
#9 D:\code\android\GTCClibrary\library\index.php(13): CApplication->run()
#10 {main}
REQUEST_URI=/library/api/book/51108b520c4a2cc81000000b
---
