2013/08/05 07:39:10 [error] [php] Undefined variable: Key (D:\code\android\GTCClibrary\yii-blog-rest\protected\controllers\ApiController.php:378)
Stack trace:
#0 D:\code\android\GTCClibrary\yii\framework\web\CController.php(308): CInlineAction->runWithParams()
#1 D:\code\android\GTCClibrary\yii\framework\web\CController.php(286): ApiController->runAction()
#2 D:\code\android\GTCClibrary\yii\framework\web\CController.php(265): ApiController->runActionWithFilters()
#3 D:\code\android\GTCClibrary\yii\framework\web\CWebApplication.php(282): ApiController->run()
#4 D:\code\android\GTCClibrary\yii\framework\web\CWebApplication.php(141): CWebApplication->runController()
#5 D:\code\android\GTCClibrary\yii\framework\base\CApplication.php(169): CWebApplication->processRequest()
#6 D:\code\android\GTCClibrary\yii-blog-rest\index.php(14): CWebApplication->run()
REQUEST_URI=/yii-blog-rest/index.php/api/posts
2013/08/05 07:39:29 [error] [php] Undefined variable: Key (D:\code\android\GTCClibrary\yii-blog-rest\protected\controllers\ApiController.php:378)
Stack trace:
#0 D:\code\android\GTCClibrary\yii\framework\web\CController.php(308): CInlineAction->runWithParams()
#1 D:\code\android\GTCClibrary\yii\framework\web\CController.php(286): ApiController->runAction()
#2 D:\code\android\GTCClibrary\yii\framework\web\CController.php(265): ApiController->runActionWithFilters()
#3 D:\code\android\GTCClibrary\yii\framework\web\CWebApplication.php(282): ApiController->run()
#4 D:\code\android\GTCClibrary\yii\framework\web\CWebApplication.php(141): CWebApplication->runController()
#5 D:\code\android\GTCClibrary\yii\framework\base\CApplication.php(169): CWebApplication->processRequest()
#6 D:\code\android\GTCClibrary\yii-blog-rest\index.php(14): CWebApplication->run()
REQUEST_URI=/yii-blog-rest/index.php/api/posts
2013/08/05 07:39:31 [error] [php] Undefined variable: Key (D:\code\android\GTCClibrary\yii-blog-rest\protected\controllers\ApiController.php:378)
Stack trace:
#0 D:\code\android\GTCClibrary\yii\framework\web\CController.php(308): CInlineAction->runWithParams()
#1 D:\code\android\GTCClibrary\yii\framework\web\CController.php(286): ApiController->runAction()
#2 D:\code\android\GTCClibrary\yii\framework\web\CController.php(265): ApiController->runActionWithFilters()
#3 D:\code\android\GTCClibrary\yii\framework\web\CWebApplication.php(282): ApiController->run()
#4 D:\code\android\GTCClibrary\yii\framework\web\CWebApplication.php(141): CWebApplication->runController()
#5 D:\code\android\GTCClibrary\yii\framework\base\CApplication.php(169): CWebApplication->processRequest()
#6 D:\code\android\GTCClibrary\yii-blog-rest\index.php(14): CWebApplication->run()
REQUEST_URI=/yii-blog-rest/index.php/api/posts
2013/08/05 07:39:45 [error] [php] Undefined variable: Key (D:\code\android\GTCClibrary\yii-blog-rest\protected\controllers\ApiController.php:378)
Stack trace:
#0 D:\code\android\GTCClibrary\yii\framework\web\CController.php(308): CInlineAction->runWithParams()
#1 D:\code\android\GTCClibrary\yii\framework\web\CController.php(286): ApiController->runAction()
#2 D:\code\android\GTCClibrary\yii\framework\web\CController.php(265): ApiController->runActionWithFilters()
#3 D:\code\android\GTCClibrary\yii\framework\web\CWebApplication.php(282): ApiController->run()
#4 D:\code\android\GTCClibrary\yii\framework\web\CWebApplication.php(141): CWebApplication->runController()
#5 D:\code\android\GTCClibrary\yii\framework\base\CApplication.php(169): CWebApplication->processRequest()
#6 D:\code\android\GTCClibrary\yii-blog-rest\index.php(14): CWebApplication->run()
REQUEST_URI=/yii-blog-rest/index.php/api/posts
2013/08/05 07:40:03 [error] [php] Undefined variable: Key (D:\code\android\GTCClibrary\yii-blog-rest\protected\controllers\ApiController.php:378)
Stack trace:
#0 D:\code\android\GTCClibrary\yii\framework\web\CController.php(308): CInlineAction->runWithParams()
#1 D:\code\android\GTCClibrary\yii\framework\web\CController.php(286): ApiController->runAction()
#2 D:\code\android\GTCClibrary\yii\framework\web\CController.php(265): ApiController->runActionWithFilters()
#3 D:\code\android\GTCClibrary\yii\framework\web\CWebApplication.php(282): ApiController->run()
#4 D:\code\android\GTCClibrary\yii\framework\web\CWebApplication.php(141): CWebApplication->runController()
#5 D:\code\android\GTCClibrary\yii\framework\base\CApplication.php(169): CWebApplication->processRequest()
#6 D:\code\android\GTCClibrary\yii-blog-rest\index.php(14): CWebApplication->run()
REQUEST_URI=/yii-blog-rest/index.php/api/posts
